{"F:\\Cursor Projects\\BotWaffle\\src\\core\\asset-manager.js": {"path":"F:\\Cursor Projects\\BotWaffle\\src\\core\\asset-manager.js","statementMap":{"0":{"start":{"line":1,"column":11},"end":{"line":1,"column":24}},"1":{"start":{"line":2,"column":19},"end":{"line":2,"column":41}},"2":{"start":{"line":3,"column":13},"end":{"line":3,"column":28}},"3":{"start":{"line":4,"column":24},"end":{"line":4,"column":44}},"4":{"start":{"line":5,"column":28},"end":{"line":5,"column":53}},"5":{"start":{"line":9,"column":8},"end":{"line":9,"column":46}},"6":{"start":{"line":11,"column":8},"end":{"line":11,"column":32}},"7":{"start":{"line":15,"column":8},"end":{"line":19,"column":9}},"8":{"start":{"line":16,"column":12},"end":{"line":16,"column":71}},"9":{"start":{"line":28,"column":8},"end":{"line":51,"column":9}},"10":{"start":{"line":29,"column":12},"end":{"line":29,"column":42}},"11":{"start":{"line":32,"column":12},"end":{"line":36,"column":13}},"12":{"start":{"line":33,"column":16},"end":{"line":33,"column":52}},"13":{"start":{"line":35,"column":16},"end":{"line":35,"column":72}},"14":{"start":{"line":38,"column":24},"end":{"line":38,"column":48}},"15":{"start":{"line":39,"column":29},"end":{"line":39,"column":97}},"16":{"start":{"line":40,"column":29},"end":{"line":40,"column":63}},"17":{"start":{"line":42,"column":12},"end":{"line":42,"column":60}},"18":{"start":{"line":47,"column":12},"end":{"line":47,"column":48}},"19":{"start":{"line":49,"column":12},"end":{"line":49,"column":50}},"20":{"start":{"line":50,"column":12},"end":{"line":50,"column":70}},"21":{"start":{"line":56,"column":0},"end":{"line":56,"column":30}}},"fnMap":{"0":{"name":"(anonymous_0)","decl":{"start":{"line":8,"column":4},"end":{"line":8,"column":5}},"loc":{"start":{"line":8,"column":18},"end":{"line":12,"column":5}},"line":8},"1":{"name":"(anonymous_1)","decl":{"start":{"line":14,"column":4},"end":{"line":14,"column":5}},"loc":{"start":{"line":14,"column":29},"end":{"line":20,"column":5}},"line":14},"2":{"name":"(anonymous_2)","decl":{"start":{"line":27,"column":4},"end":{"line":27,"column":5}},"loc":{"start":{"line":27,"column":32},"end":{"line":52,"column":5}},"line":27}},"branchMap":{},"s":{"0":0,"1":0,"2":0,"3":0,"4":0,"5":0,"6":0,"7":0,"8":0,"9":0,"10":0,"11":0,"12":0,"13":0,"14":0,"15":0,"16":0,"17":0,"18":0,"19":0,"20":0,"21":0},"f":{"0":0,"1":0,"2":0},"b":{}}
,"F:\\Cursor Projects\\BotWaffle\\src\\core\\cache.js": {"path":"F:\\Cursor Projects\\BotWaffle\\src\\core\\cache.js","statementMap":{"0":{"start":{"line":13,"column":8},"end":{"line":13,"column":31}},"1":{"start":{"line":14,"column":8},"end":{"line":14,"column":31}},"2":{"start":{"line":15,"column":8},"end":{"line":15,"column":23}},"3":{"start":{"line":24,"column":21},"end":{"line":24,"column":40}},"4":{"start":{"line":25,"column":8},"end":{"line":27,"column":9}},"5":{"start":{"line":26,"column":12},"end":{"line":26,"column":24}},"6":{"start":{"line":30,"column":8},"end":{"line":33,"column":9}},"7":{"start":{"line":31,"column":12},"end":{"line":31,"column":35}},"8":{"start":{"line":32,"column":12},"end":{"line":32,"column":24}},"9":{"start":{"line":35,"column":8},"end":{"line":35,"column":26}},"10":{"start":{"line":45,"column":8},"end":{"line":48,"column":9}},"11":{"start":{"line":46,"column":29},"end":{"line":46,"column":59}},"12":{"start":{"line":47,"column":12},"end":{"line":47,"column":40}},"13":{"start":{"line":50,"column":8},"end":{"line":53,"column":11}},"14":{"start":{"line":61,"column":8},"end":{"line":61,"column":31}},"15":{"start":{"line":68,"column":8},"end":{"line":68,"column":27}},"16":{"start":{"line":76,"column":8},"end":{"line":80,"column":10}},"17":{"start":{"line":88,"column":20},"end":{"line":88,"column":30}},"18":{"start":{"line":89,"column":22},"end":{"line":89,"column":23}},"19":{"start":{"line":91,"column":8},"end":{"line":96,"column":9}},"20":{"start":{"line":92,"column":12},"end":{"line":95,"column":13}},"21":{"start":{"line":93,"column":16},"end":{"line":93,"column":39}},"22":{"start":{"line":94,"column":16},"end":{"line":94,"column":26}},"23":{"start":{"line":98,"column":8},"end":{"line":98,"column":23}},"24":{"start":{"line":103,"column":21},"end":{"line":103,"column":55}},"25":{"start":{"line":104,"column":22},"end":{"line":104,"column":57}},"26":{"start":{"line":107,"column":0},"end":{"line":112,"column":1}},"27":{"start":{"line":108,"column":4},"end":{"line":111,"column":22}},"28":{"start":{"line":109,"column":8},"end":{"line":109,"column":31}},"29":{"start":{"line":110,"column":8},"end":{"line":110,"column":32}},"30":{"start":{"line":114,"column":0},"end":{"line":118,"column":2}}},"fnMap":{"0":{"name":"(anonymous_0)","decl":{"start":{"line":12,"column":4},"end":{"line":12,"column":5}},"loc":{"start":{"line":12,"column":52},"end":{"line":16,"column":5}},"line":12},"1":{"name":"(anonymous_1)","decl":{"start":{"line":23,"column":4},"end":{"line":23,"column":5}},"loc":{"start":{"line":23,"column":13},"end":{"line":36,"column":5}},"line":23},"2":{"name":"(anonymous_2)","decl":{"start":{"line":43,"column":4},"end":{"line":43,"column":5}},"loc":{"start":{"line":43,"column":20},"end":{"line":54,"column":5}},"line":43},"3":{"name":"(anonymous_3)","decl":{"start":{"line":60,"column":4},"end":{"line":60,"column":5}},"loc":{"start":{"line":60,"column":16},"end":{"line":62,"column":5}},"line":60},"4":{"name":"(anonymous_4)","decl":{"start":{"line":67,"column":4},"end":{"line":67,"column":5}},"loc":{"start":{"line":67,"column":12},"end":{"line":69,"column":5}},"line":67},"5":{"name":"(anonymous_5)","decl":{"start":{"line":75,"column":4},"end":{"line":75,"column":5}},"loc":{"start":{"line":75,"column":15},"end":{"line":81,"column":5}},"line":75},"6":{"name":"(anonymous_6)","decl":{"start":{"line":87,"column":4},"end":{"line":87,"column":5}},"loc":{"start":{"line":87,"column":14},"end":{"line":99,"column":5}},"line":87},"7":{"name":"(anonymous_7)","decl":{"start":{"line":108,"column":16},"end":{"line":108,"column":17}},"loc":{"start":{"line":108,"column":22},"end":{"line":111,"column":5}},"line":108}},"branchMap":{"0":{"loc":{"start":{"line":12,"column":16},"end":{"line":12,"column":29}},"type":"default-arg","locations":[{"start":{"line":12,"column":26},"end":{"line":12,"column":29}}],"line":12},"1":{"loc":{"start":{"line":12,"column":31},"end":{"line":12,"column":50}},"type":"default-arg","locations":[{"start":{"line":12,"column":37},"end":{"line":12,"column":50}}],"line":12},"2":{"loc":{"start":{"line":25,"column":8},"end":{"line":27,"column":9}},"type":"if","locations":[{"start":{"line":25,"column":8},"end":{"line":27,"column":9}},{"start":{},"end":{}}],"line":25},"3":{"loc":{"start":{"line":30,"column":8},"end":{"line":33,"column":9}},"type":"if","locations":[{"start":{"line":30,"column":8},"end":{"line":33,"column":9}},{"start":{},"end":{}}],"line":30},"4":{"loc":{"start":{"line":45,"column":8},"end":{"line":48,"column":9}},"type":"if","locations":[{"start":{"line":45,"column":8},"end":{"line":48,"column":9}},{"start":{},"end":{}}],"line":45},"5":{"loc":{"start":{"line":92,"column":12},"end":{"line":95,"column":13}},"type":"if","locations":[{"start":{"line":92,"column":12},"end":{"line":95,"column":13}},{"start":{},"end":{}}],"line":92},"6":{"loc":{"start":{"line":107,"column":0},"end":{"line":112,"column":1}},"type":"if","locations":[{"start":{"line":107,"column":0},"end":{"line":112,"column":1}},{"start":{},"end":{}}],"line":107}},"s":{"0":0,"1":0,"2":0,"3":0,"4":0,"5":0,"6":0,"7":0,"8":0,"9":0,"10":0,"11":0,"12":0,"13":0,"14":0,"15":0,"16":0,"17":0,"18":0,"19":0,"20":0,"21":0,"22":0,"23":0,"24":0,"25":0,"26":0,"27":0,"28":0,"29":0,"30":0},"f":{"0":0,"1":0,"2":0,"3":0,"4":0,"5":0,"6":0,"7":0},"b":{"0":[0],"1":[0],"2":[0,0],"3":[0,0],"4":[0,0],"5":[0,0],"6":[0,0]}}
,"F:\\Cursor Projects\\BotWaffle\\src\\core\\chatbot-manager.js": {"path":"F:\\Cursor Projects\\BotWaffle\\src\\core\\chatbot-manager.js","statementMap":{"0":{"start":{"line":1,"column":11},"end":{"line":1,"column":24}},"1":{"start":{"line":2,"column":19},"end":{"line":2,"column":41}},"2":{"start":{"line":3,"column":13},"end":{"line":3,"column":28}},"3":{"start":{"line":4,"column":24},"end":{"line":4,"column":44}},"4":{"start":{"line":5,"column":23},"end":{"line":5,"column":54}},"5":{"start":{"line":6,"column":24},"end":{"line":6,"column":55}},"6":{"start":{"line":7,"column":48},"end":{"line":7,"column":75}},"7":{"start":{"line":8,"column":35},"end":{"line":8,"column":64}},"8":{"start":{"line":9,"column":25},"end":{"line":9,"column":43}},"9":{"start":{"line":13,"column":8},"end":{"line":13,"column":48}},"10":{"start":{"line":24,"column":26},"end":{"line":24,"column":51}},"11":{"start":{"line":25,"column":8},"end":{"line":27,"column":9}},"12":{"start":{"line":26,"column":12},"end":{"line":26,"column":57}},"13":{"start":{"line":28,"column":8},"end":{"line":28,"column":25}},"14":{"start":{"line":39,"column":28},"end":{"line":39,"column":48}},"15":{"start":{"line":40,"column":25},"end":{"line":40,"column":72}},"16":{"start":{"line":43,"column":30},"end":{"line":43,"column":80}},"17":{"start":{"line":44,"column":8},"end":{"line":46,"column":9}},"18":{"start":{"line":45,"column":12},"end":{"line":45,"column":89}},"19":{"start":{"line":48,"column":8},"end":{"line":48,"column":29}},"20":{"start":{"line":59,"column":27},"end":{"line":59,"column":62}},"21":{"start":{"line":60,"column":8},"end":{"line":62,"column":9}},"22":{"start":{"line":61,"column":12},"end":{"line":61,"column":85}},"23":{"start":{"line":64,"column":30},"end":{"line":64,"column":45}},"24":{"start":{"line":65,"column":19},"end":{"line":65,"column":31}},"25":{"start":{"line":66,"column":20},"end":{"line":66,"column":44}},"26":{"start":{"line":68,"column":24},"end":{"line":97,"column":9}},"27":{"start":{"line":99,"column":8},"end":{"line":99,"column":41}},"28":{"start":{"line":101,"column":8},"end":{"line":101,"column":46}},"29":{"start":{"line":102,"column":8},"end":{"line":102,"column":23}},"30":{"start":{"line":114,"column":8},"end":{"line":114,"column":29}},"31":{"start":{"line":116,"column":24},"end":{"line":116,"column":49}},"32":{"start":{"line":117,"column":8},"end":{"line":117,"column":65}},"33":{"start":{"line":117,"column":22},"end":{"line":117,"column":65}},"34":{"start":{"line":120,"column":8},"end":{"line":128,"column":9}},"35":{"start":{"line":122,"column":34},"end":{"line":122,"column":76}},"36":{"start":{"line":123,"column":31},"end":{"line":123,"column":68}},"37":{"start":{"line":124,"column":12},"end":{"line":126,"column":13}},"38":{"start":{"line":125,"column":16},"end":{"line":125,"column":89}},"39":{"start":{"line":127,"column":12},"end":{"line":127,"column":46}},"40":{"start":{"line":130,"column":24},"end":{"line":139,"column":9}},"41":{"start":{"line":141,"column":8},"end":{"line":141,"column":41}},"42":{"start":{"line":143,"column":8},"end":{"line":143,"column":38}},"43":{"start":{"line":144,"column":8},"end":{"line":144,"column":23}},"44":{"start":{"line":154,"column":25},"end":{"line":154,"column":53}},"45":{"start":{"line":155,"column":8},"end":{"line":165,"column":9}},"46":{"start":{"line":156,"column":12},"end":{"line":156,"column":46}},"47":{"start":{"line":158,"column":12},"end":{"line":158,"column":36}},"48":{"start":{"line":159,"column":12},"end":{"line":159,"column":24}},"49":{"start":{"line":161,"column":12},"end":{"line":163,"column":13}},"50":{"start":{"line":162,"column":16},"end":{"line":162,"column":29}},"51":{"start":{"line":164,"column":12},"end":{"line":164,"column":24}},"52":{"start":{"line":175,"column":8},"end":{"line":220,"column":9}},"53":{"start":{"line":177,"column":27},"end":{"line":177,"column":47}},"54":{"start":{"line":178,"column":12},"end":{"line":180,"column":13}},"55":{"start":{"line":179,"column":16},"end":{"line":179,"column":30}},"56":{"start":{"line":183,"column":12},"end":{"line":199,"column":13}},"57":{"start":{"line":186,"column":34},"end":{"line":186,"column":86}},"58":{"start":{"line":187,"column":16},"end":{"line":189,"column":17}},"59":{"start":{"line":188,"column":20},"end":{"line":188,"column":32}},"60":{"start":{"line":190,"column":16},"end":{"line":190,"column":73}},"61":{"start":{"line":192,"column":38},"end":{"line":192,"column":86}},"62":{"start":{"line":193,"column":16},"end":{"line":195,"column":17}},"63":{"start":{"line":194,"column":20},"end":{"line":194,"column":32}},"64":{"start":{"line":196,"column":16},"end":{"line":196,"column":41}},"65":{"start":{"line":198,"column":16},"end":{"line":198,"column":56}},"66":{"start":{"line":201,"column":12},"end":{"line":212,"column":13}},"67":{"start":{"line":202,"column":29},"end":{"line":202,"column":72}},"68":{"start":{"line":203,"column":32},"end":{"line":203,"column":48}},"69":{"start":{"line":205,"column":16},"end":{"line":205,"column":46}},"70":{"start":{"line":206,"column":16},"end":{"line":206,"column":31}},"71":{"start":{"line":208,"column":16},"end":{"line":210,"column":17}},"72":{"start":{"line":209,"column":20},"end":{"line":209,"column":32}},"73":{"start":{"line":211,"column":16},"end":{"line":211,"column":28}},"74":{"start":{"line":215,"column":12},"end":{"line":217,"column":13}},"75":{"start":{"line":216,"column":16},"end":{"line":216,"column":28}},"76":{"start":{"line":218,"column":12},"end":{"line":218,"column":65}},"77":{"start":{"line":219,"column":12},"end":{"line":219,"column":24}},"78":{"start":{"line":228,"column":8},"end":{"line":247,"column":9}},"79":{"start":{"line":229,"column":26},"end":{"line":229,"column":65}},"80":{"start":{"line":230,"column":30},"end":{"line":230,"column":74}},"81":{"start":{"line":230,"column":51},"end":{"line":230,"column":73}},"82":{"start":{"line":233,"column":29},"end":{"line":239,"column":13}},"83":{"start":{"line":235,"column":31},"end":{"line":235,"column":56}},"84":{"start":{"line":237,"column":20},"end":{"line":237,"column":59}},"85":{"start":{"line":241,"column":12},"end":{"line":243,"column":93}},"86":{"start":{"line":242,"column":31},"end":{"line":242,"column":43}},"87":{"start":{"line":243,"column":32},"end":{"line":243,"column":91}},"88":{"start":{"line":245,"column":12},"end":{"line":245,"column":60}},"89":{"start":{"line":246,"column":12},"end":{"line":246,"column":22}},"90":{"start":{"line":258,"column":8},"end":{"line":269,"column":9}},"91":{"start":{"line":260,"column":12},"end":{"line":262,"column":13}},"92":{"start":{"line":261,"column":16},"end":{"line":261,"column":58}},"93":{"start":{"line":264,"column":29},"end":{"line":264,"column":65}},"94":{"start":{"line":265,"column":12},"end":{"line":265,"column":91}},"95":{"start":{"line":267,"column":12},"end":{"line":267,"column":72}},"96":{"start":{"line":268,"column":12},"end":{"line":268,"column":72}},"97":{"start":{"line":280,"column":8},"end":{"line":280,"column":29}},"98":{"start":{"line":281,"column":20},"end":{"line":281,"column":45}},"99":{"start":{"line":282,"column":8},"end":{"line":282,"column":51}},"100":{"start":{"line":282,"column":18},"end":{"line":282,"column":51}},"101":{"start":{"line":283,"column":8},"end":{"line":283,"column":64}},"102":{"start":{"line":290,"column":25},"end":{"line":290,"column":87}},"103":{"start":{"line":291,"column":21},"end":{"line":291,"column":46}},"104":{"start":{"line":293,"column":8},"end":{"line":300,"column":11}},"105":{"start":{"line":294,"column":12},"end":{"line":299,"column":13}},"106":{"start":{"line":297,"column":28},"end":{"line":297,"column":55}},"107":{"start":{"line":298,"column":16},"end":{"line":298,"column":43}},"108":{"start":{"line":298,"column":25},"end":{"line":298,"column":43}},"109":{"start":{"line":302,"column":8},"end":{"line":302,"column":43}},"110":{"start":{"line":310,"column":0},"end":{"line":310,"column":32}}},"fnMap":{"0":{"name":"(anonymous_0)","decl":{"start":{"line":12,"column":4},"end":{"line":12,"column":5}},"loc":{"start":{"line":12,"column":18},"end":{"line":14,"column":5}},"line":12},"1":{"name":"(anonymous_1)","decl":{"start":{"line":23,"column":4},"end":{"line":23,"column":5}},"loc":{"start":{"line":23,"column":20},"end":{"line":29,"column":5}},"line":23},"2":{"name":"(anonymous_2)","decl":{"start":{"line":38,"column":4},"end":{"line":38,"column":5}},"loc":{"start":{"line":38,"column":28},"end":{"line":49,"column":5}},"line":38},"3":{"name":"(anonymous_3)","decl":{"start":{"line":57,"column":4},"end":{"line":57,"column":5}},"loc":{"start":{"line":57,"column":37},"end":{"line":103,"column":5}},"line":57},"4":{"name":"(anonymous_4)","decl":{"start":{"line":112,"column":4},"end":{"line":112,"column":5}},"loc":{"start":{"line":112,"column":37},"end":{"line":145,"column":5}},"line":112},"5":{"name":"(anonymous_5)","decl":{"start":{"line":153,"column":4},"end":{"line":153,"column":5}},"loc":{"start":{"line":153,"column":28},"end":{"line":166,"column":5}},"line":153},"6":{"name":"(anonymous_6)","decl":{"start":{"line":174,"column":4},"end":{"line":174,"column":5}},"loc":{"start":{"line":174,"column":49},"end":{"line":221,"column":5}},"line":174},"7":{"name":"(anonymous_7)","decl":{"start":{"line":227,"column":4},"end":{"line":227,"column":5}},"loc":{"start":{"line":227,"column":25},"end":{"line":248,"column":5}},"line":227},"8":{"name":"(anonymous_8)","decl":{"start":{"line":230,"column":43},"end":{"line":230,"column":44}},"loc":{"start":{"line":230,"column":51},"end":{"line":230,"column":73}},"line":230},"9":{"name":"(anonymous_9)","decl":{"start":{"line":234,"column":30},"end":{"line":234,"column":31}},"loc":{"start":{"line":234,"column":46},"end":{"line":238,"column":17}},"line":234},"10":{"name":"(anonymous_10)","decl":{"start":{"line":242,"column":24},"end":{"line":242,"column":25}},"loc":{"start":{"line":242,"column":31},"end":{"line":242,"column":43}},"line":242},"11":{"name":"(anonymous_11)","decl":{"start":{"line":243,"column":22},"end":{"line":243,"column":23}},"loc":{"start":{"line":243,"column":32},"end":{"line":243,"column":91}},"line":243},"12":{"name":"(anonymous_12)","decl":{"start":{"line":257,"column":4},"end":{"line":257,"column":5}},"loc":{"start":{"line":257,"column":32},"end":{"line":270,"column":5}},"line":257},"13":{"name":"(anonymous_13)","decl":{"start":{"line":279,"column":4},"end":{"line":279,"column":5}},"loc":{"start":{"line":279,"column":40},"end":{"line":284,"column":5}},"line":279},"14":{"name":"(anonymous_14)","decl":{"start":{"line":289,"column":4},"end":{"line":289,"column":5}},"loc":{"start":{"line":289,"column":32},"end":{"line":303,"column":5}},"line":289},"15":{"name":"(anonymous_15)","decl":{"start":{"line":293,"column":21},"end":{"line":293,"column":22}},"loc":{"start":{"line":293,"column":28},"end":{"line":300,"column":9}},"line":293}},"branchMap":{"0":{"loc":{"start":{"line":25,"column":8},"end":{"line":27,"column":9}},"type":"if","locations":[{"start":{"line":25,"column":8},"end":{"line":27,"column":9}},{"start":{},"end":{}}],"line":25},"1":{"loc":{"start":{"line":44,"column":8},"end":{"line":46,"column":9}},"type":"if","locations":[{"start":{"line":44,"column":8},"end":{"line":46,"column":9}},{"start":{},"end":{}}],"line":44},"2":{"loc":{"start":{"line":60,"column":8},"end":{"line":62,"column":9}},"type":"if","locations":[{"start":{"line":60,"column":8},"end":{"line":62,"column":9}},{"start":{},"end":{}}],"line":60},"3":{"loc":{"start":{"line":78,"column":29},"end":{"line":78,"column":60}},"type":"binary-expr","locations":[{"start":{"line":78,"column":29},"end":{"line":78,"column":54}},{"start":{"line":78,"column":58},"end":{"line":78,"column":60}}],"line":78},"4":{"loc":{"start":{"line":79,"column":29},"end":{"line":79,"column":60}},"type":"binary-expr","locations":[{"start":{"line":79,"column":29},"end":{"line":79,"column":54}},{"start":{"line":79,"column":58},"end":{"line":79,"column":60}}],"line":79},"5":{"loc":{"start":{"line":82,"column":24},"end":{"line":82,"column":50}},"type":"binary-expr","locations":[{"start":{"line":82,"column":24},"end":{"line":82,"column":42}},{"start":{"line":82,"column":46},"end":{"line":82,"column":50}}],"line":82},"6":{"loc":{"start":{"line":83,"column":23},"end":{"line":83,"column":85}},"type":"cond-expr","locations":[{"start":{"line":83,"column":57},"end":{"line":83,"column":80}},{"start":{"line":83,"column":83},"end":{"line":83,"column":85}}],"line":83},"7":{"loc":{"start":{"line":93,"column":20},"end":{"line":96,"column":13}},"type":"binary-expr","locations":[{"start":{"line":93,"column":20},"end":{"line":93,"column":40}},{"start":{"line":93,"column":44},"end":{"line":96,"column":13}}],"line":93},"8":{"loc":{"start":{"line":117,"column":8},"end":{"line":117,"column":65}},"type":"if","locations":[{"start":{"line":117,"column":8},"end":{"line":117,"column":65}},{"start":{},"end":{}}],"line":117},"9":{"loc":{"start":{"line":120,"column":8},"end":{"line":128,"column":9}},"type":"if","locations":[{"start":{"line":120,"column":8},"end":{"line":128,"column":9}},{"start":{},"end":{}}],"line":120},"10":{"loc":{"start":{"line":124,"column":12},"end":{"line":126,"column":13}},"type":"if","locations":[{"start":{"line":124,"column":12},"end":{"line":126,"column":13}},{"start":{},"end":{}}],"line":124},"11":{"loc":{"start":{"line":133,"column":47},"end":{"line":133,"column":68}},"type":"binary-expr","locations":[{"start":{"line":133,"column":47},"end":{"line":133,"column":62}},{"start":{"line":133,"column":66},"end":{"line":133,"column":68}}],"line":133},"12":{"loc":{"start":{"line":137,"column":20},"end":{"line":137,"column":42}},"type":"binary-expr","locations":[{"start":{"line":137,"column":20},"end":{"line":137,"column":36}},{"start":{"line":137,"column":40},"end":{"line":137,"column":42}}],"line":137},"13":{"loc":{"start":{"line":161,"column":12},"end":{"line":163,"column":13}},"type":"if","locations":[{"start":{"line":161,"column":12},"end":{"line":163,"column":13}},{"start":{},"end":{}}],"line":161},"14":{"loc":{"start":{"line":174,"column":25},"end":{"line":174,"column":47}},"type":"default-arg","locations":[{"start":{"line":174,"column":42},"end":{"line":174,"column":47}}],"line":174},"15":{"loc":{"start":{"line":178,"column":12},"end":{"line":180,"column":13}},"type":"if","locations":[{"start":{"line":178,"column":12},"end":{"line":180,"column":13}},{"start":{},"end":{}}],"line":178},"16":{"loc":{"start":{"line":183,"column":12},"end":{"line":199,"column":13}},"type":"if","locations":[{"start":{"line":183,"column":12},"end":{"line":199,"column":13}},{"start":{"line":197,"column":19},"end":{"line":199,"column":13}}],"line":183},"17":{"loc":{"start":{"line":187,"column":16},"end":{"line":189,"column":17}},"type":"if","locations":[{"start":{"line":187,"column":16},"end":{"line":189,"column":17}},{"start":{},"end":{}}],"line":187},"18":{"loc":{"start":{"line":187,"column":20},"end":{"line":187,"column":56}},"type":"binary-expr","locations":[{"start":{"line":187,"column":20},"end":{"line":187,"column":30}},{"start":{"line":187,"column":34},"end":{"line":187,"column":56}}],"line":187},"19":{"loc":{"start":{"line":193,"column":16},"end":{"line":195,"column":17}},"type":"if","locations":[{"start":{"line":193,"column":16},"end":{"line":195,"column":17}},{"start":{},"end":{}}],"line":193},"20":{"loc":{"start":{"line":208,"column":16},"end":{"line":210,"column":17}},"type":"if","locations":[{"start":{"line":208,"column":16},"end":{"line":210,"column":17}},{"start":{},"end":{}}],"line":208},"21":{"loc":{"start":{"line":215,"column":12},"end":{"line":217,"column":13}},"type":"if","locations":[{"start":{"line":215,"column":12},"end":{"line":217,"column":13}},{"start":{},"end":{}}],"line":215},"22":{"loc":{"start":{"line":215,"column":16},"end":{"line":215,"column":102}},"type":"binary-expr","locations":[{"start":{"line":215,"column":16},"end":{"line":215,"column":29}},{"start":{"line":215,"column":34},"end":{"line":215,"column":67}},{"start":{"line":215,"column":71},"end":{"line":215,"column":101}}],"line":215},"23":{"loc":{"start":{"line":260,"column":12},"end":{"line":262,"column":13}},"type":"if","locations":[{"start":{"line":260,"column":12},"end":{"line":262,"column":13}},{"start":{},"end":{}}],"line":260},"24":{"loc":{"start":{"line":282,"column":8},"end":{"line":282,"column":51}},"type":"if","locations":[{"start":{"line":282,"column":8},"end":{"line":282,"column":51}},{"start":{},"end":{}}],"line":282},"25":{"loc":{"start":{"line":294,"column":12},"end":{"line":299,"column":13}},"type":"if","locations":[{"start":{"line":294,"column":12},"end":{"line":299,"column":13}},{"start":{},"end":{}}],"line":294},"26":{"loc":{"start":{"line":294,"column":16},"end":{"line":294,"column":51}},"type":"binary-expr","locations":[{"start":{"line":294,"column":16},"end":{"line":294,"column":27}},{"start":{"line":294,"column":31},"end":{"line":294,"column":51}}],"line":294},"27":{"loc":{"start":{"line":298,"column":16},"end":{"line":298,"column":43}},"type":"if","locations":[{"start":{"line":298,"column":16},"end":{"line":298,"column":43}},{"start":{},"end":{}}],"line":298}},"s":{"0":0,"1":0,"2":0,"3":0,"4":0,"5":0,"6":0,"7":0,"8":0,"9":0,"10":0,"11":0,"12":0,"13":0,"14":0,"15":0,"16":0,"17":0,"18":0,"19":0,"20":0,"21":0,"22":0,"23":0,"24":0,"25":0,"26":0,"27":0,"28":0,"29":0,"30":0,"31":0,"32":0,"33":0,"34":0,"35":0,"36":0,"37":0,"38":0,"39":0,"40":0,"41":0,"42":0,"43":0,"44":0,"45":0,"46":0,"47":0,"48":0,"49":0,"50":0,"51":0,"52":0,"53":0,"54":0,"55":0,"56":0,"57":0,"58":0,"59":0,"60":0,"61":0,"62":0,"63":0,"64":0,"65":0,"66":0,"67":0,"68":0,"69":0,"70":0,"71":0,"72":0,"73":0,"74":0,"75":0,"76":0,"77":0,"78":0,"79":0,"80":0,"81":0,"82":0,"83":0,"84":0,"85":0,"86":0,"87":0,"88":0,"89":0,"90":0,"91":0,"92":0,"93":0,"94":0,"95":0,"96":0,"97":0,"98":0,"99":0,"100":0,"101":0,"102":0,"103":0,"104":0,"105":0,"106":0,"107":0,"108":0,"109":0,"110":0},"f":{"0":0,"1":0,"2":0,"3":0,"4":0,"5":0,"6":0,"7":0,"8":0,"9":0,"10":0,"11":0,"12":0,"13":0,"14":0,"15":0},"b":{"0":[0,0],"1":[0,0],"2":[0,0],"3":[0,0],"4":[0,0],"5":[0,0],"6":[0,0],"7":[0,0],"8":[0,0],"9":[0,0],"10":[0,0],"11":[0,0],"12":[0,0],"13":[0,0],"14":[0],"15":[0,0],"16":[0,0],"17":[0,0],"18":[0,0],"19":[0,0],"20":[0,0],"21":[0,0],"22":[0,0,0],"23":[0,0],"24":[0,0],"25":[0,0],"26":[0,0],"27":[0,0]}}
,"F:\\Cursor Projects\\BotWaffle\\src\\core\\constants.js": {"path":"F:\\Cursor Projects\\BotWaffle\\src\\core\\constants.js","statementMap":{"0":{"start":{"line":10,"column":27},"end":{"line":15,"column":1}},"1":{"start":{"line":21,"column":19},"end":{"line":21,"column":20}},"2":{"start":{"line":27,"column":17},"end":{"line":27,"column":19}},"3":{"start":{"line":33,"column":24},"end":{"line":33,"column":27}},"4":{"start":{"line":39,"column":32},"end":{"line":39,"column":35}},"5":{"start":{"line":45,"column":31},"end":{"line":45,"column":35}},"6":{"start":{"line":51,"column":23},"end":{"line":51,"column":25}},"7":{"start":{"line":57,"column":28},"end":{"line":57,"column":30}},"8":{"start":{"line":63,"column":23},"end":{"line":63,"column":25}},"9":{"start":{"line":69,"column":25},"end":{"line":69,"column":36}},"10":{"start":{"line":75,"column":23},"end":{"line":77,"column":1}},"11":{"start":{"line":83,"column":28},"end":{"line":87,"column":1}},"12":{"start":{"line":93,"column":21},"end":{"line":100,"column":1}},"13":{"start":{"line":102,"column":0},"end":{"line":116,"column":2}}},"fnMap":{},"branchMap":{},"s":{"0":9,"1":9,"2":9,"3":9,"4":9,"5":9,"6":9,"7":9,"8":9,"9":9,"10":9,"11":9,"12":9,"13":9},"f":{},"b":{},"_coverageSchema":"1a1c01bbd47fc00a2c39e90264f33305004495a9","hash":"e99ef630f032a8f15c84fc6667be60c1bfe97e49"}
,"F:\\Cursor Projects\\BotWaffle\\src\\core\\container.js": {"path":"F:\\Cursor Projects\\BotWaffle\\src\\core\\container.js","statementMap":{"0":{"start":{"line":9,"column":8},"end":{"line":9,"column":34}},"1":{"start":{"line":10,"column":8},"end":{"line":10,"column":36}},"2":{"start":{"line":21,"column":37},"end":{"line":21,"column":44}},"3":{"start":{"line":23,"column":8},"end":{"line":29,"column":9}},"4":{"start":{"line":24,"column":12},"end":{"line":24,"column":60}},"5":{"start":{"line":27,"column":12},"end":{"line":27,"column":81}},"6":{"start":{"line":27,"column":53},"end":{"line":27,"column":60}},"7":{"start":{"line":28,"column":12},"end":{"line":28,"column":47}},"8":{"start":{"line":40,"column":8},"end":{"line":42,"column":9}},"9":{"start":{"line":41,"column":12},"end":{"line":41,"column":45}},"10":{"start":{"line":44,"column":24},"end":{"line":44,"column":47}},"11":{"start":{"line":45,"column":8},"end":{"line":47,"column":9}},"12":{"start":{"line":46,"column":12},"end":{"line":46,"column":67}},"13":{"start":{"line":49,"column":25},"end":{"line":49,"column":46}},"14":{"start":{"line":52,"column":8},"end":{"line":54,"column":9}},"15":{"start":{"line":53,"column":12},"end":{"line":53,"column":48}},"16":{"start":{"line":56,"column":8},"end":{"line":56,"column":24}},"17":{"start":{"line":65,"column":8},"end":{"line":65,"column":39}},"18":{"start":{"line":73,"column":8},"end":{"line":73,"column":30}},"19":{"start":{"line":74,"column":8},"end":{"line":74,"column":32}},"20":{"start":{"line":79,"column":18},"end":{"line":79,"column":33}},"21":{"start":{"line":81,"column":0},"end":{"line":84,"column":2}}},"fnMap":{"0":{"name":"(anonymous_0)","decl":{"start":{"line":8,"column":4},"end":{"line":8,"column":5}},"loc":{"start":{"line":8,"column":18},"end":{"line":11,"column":5}},"line":8},"1":{"name":"(anonymous_1)","decl":{"start":{"line":20,"column":4},"end":{"line":20,"column":5}},"loc":{"start":{"line":20,"column":42},"end":{"line":30,"column":5}},"line":20},"2":{"name":"(anonymous_2)","decl":{"start":{"line":27,"column":47},"end":{"line":27,"column":48}},"loc":{"start":{"line":27,"column":53},"end":{"line":27,"column":60}},"line":27},"3":{"name":"(anonymous_3)","decl":{"start":{"line":38,"column":4},"end":{"line":38,"column":5}},"loc":{"start":{"line":38,"column":18},"end":{"line":57,"column":5}},"line":38},"4":{"name":"(anonymous_4)","decl":{"start":{"line":64,"column":4},"end":{"line":64,"column":5}},"loc":{"start":{"line":64,"column":14},"end":{"line":66,"column":5}},"line":64},"5":{"name":"(anonymous_5)","decl":{"start":{"line":72,"column":4},"end":{"line":72,"column":5}},"loc":{"start":{"line":72,"column":12},"end":{"line":75,"column":5}},"line":72}},"branchMap":{"0":{"loc":{"start":{"line":20,"column":28},"end":{"line":20,"column":40}},"type":"default-arg","locations":[{"start":{"line":20,"column":38},"end":{"line":20,"column":40}}],"line":20},"1":{"loc":{"start":{"line":21,"column":16},"end":{"line":21,"column":32}},"type":"default-arg","locations":[{"start":{"line":21,"column":28},"end":{"line":21,"column":32}}],"line":21},"2":{"loc":{"start":{"line":23,"column":8},"end":{"line":29,"column":9}},"type":"if","locations":[{"start":{"line":23,"column":8},"end":{"line":29,"column":9}},{"start":{"line":25,"column":15},"end":{"line":29,"column":9}}],"line":23},"3":{"loc":{"start":{"line":40,"column":8},"end":{"line":42,"column":9}},"type":"if","locations":[{"start":{"line":40,"column":8},"end":{"line":42,"column":9}},{"start":{},"end":{}}],"line":40},"4":{"loc":{"start":{"line":45,"column":8},"end":{"line":47,"column":9}},"type":"if","locations":[{"start":{"line":45,"column":8},"end":{"line":47,"column":9}},{"start":{},"end":{}}],"line":45},"5":{"loc":{"start":{"line":52,"column":8},"end":{"line":54,"column":9}},"type":"if","locations":[{"start":{"line":52,"column":8},"end":{"line":54,"column":9}},{"start":{},"end":{}}],"line":52}},"s":{"0":0,"1":0,"2":0,"3":0,"4":0,"5":0,"6":0,"7":0,"8":0,"9":0,"10":0,"11":0,"12":0,"13":0,"14":0,"15":0,"16":0,"17":0,"18":0,"19":0,"20":0,"21":0},"f":{"0":0,"1":0,"2":0,"3":0,"4":0,"5":0},"b":{"0":[0],"1":[0],"2":[0,0],"3":[0,0],"4":[0,0],"5":[0,0]}}
,"F:\\Cursor Projects\\BotWaffle\\src\\core\\export-import.js": {"path":"F:\\Cursor Projects\\BotWaffle\\src\\core\\export-import.js","statementMap":{"0":{"start":{"line":6,"column":11},"end":{"line":6,"column":33}},"1":{"start":{"line":7,"column":15},"end":{"line":7,"column":28}},"2":{"start":{"line":8,"column":13},"end":{"line":8,"column":28}},"3":{"start":{"line":9,"column":15},"end":{"line":9,"column":33}},"4":{"start":{"line":10,"column":36},"end":{"line":10,"column":56}},"5":{"start":{"line":11,"column":34},"end":{"line":11,"column":59}},"6":{"start":{"line":12,"column":24},"end":{"line":12,"column":43}},"7":{"start":{"line":18,"column":4},"end":{"line":40,"column":5}},"8":{"start":{"line":19,"column":8},"end":{"line":21,"column":9}},"9":{"start":{"line":20,"column":12},"end":{"line":20,"column":56}},"10":{"start":{"line":23,"column":24},"end":{"line":23,"column":70}},"11":{"start":{"line":25,"column":8},"end":{"line":34,"column":9}},"12":{"start":{"line":26,"column":28},"end":{"line":26,"column":54}},"13":{"start":{"line":27,"column":29},"end":{"line":27,"column":56}},"14":{"start":{"line":29,"column":12},"end":{"line":33,"column":13}},"15":{"start":{"line":30,"column":16},"end":{"line":30,"column":55}},"16":{"start":{"line":32,"column":16},"end":{"line":32,"column":53}},"17":{"start":{"line":36,"column":8},"end":{"line":36,"column":20}},"18":{"start":{"line":38,"column":8},"end":{"line":38,"column":51}},"19":{"start":{"line":39,"column":8},"end":{"line":39,"column":21}},"20":{"start":{"line":48,"column":4},"end":{"line":113,"column":5}},"21":{"start":{"line":49,"column":20},"end":{"line":49,"column":32}},"22":{"start":{"line":50,"column":24},"end":{"line":50,"column":36}},"23":{"start":{"line":51,"column":26},"end":{"line":51,"column":82}},"24":{"start":{"line":52,"column":28},"end":{"line":52,"column":63}},"25":{"start":{"line":55,"column":32},"end":{"line":55,"column":84}},"26":{"start":{"line":57,"column":8},"end":{"line":67,"column":9}},"27":{"start":{"line":58,"column":31},"end":{"line":58,"column":50}},"28":{"start":{"line":59,"column":12},"end":{"line":66,"column":13}},"29":{"start":{"line":60,"column":16},"end":{"line":60,"column":44}},"30":{"start":{"line":61,"column":16},"end":{"line":61,"column":55}},"31":{"start":{"line":62,"column":16},"end":{"line":62,"column":57}},"32":{"start":{"line":65,"column":16},"end":{"line":65,"column":73}},"33":{"start":{"line":70,"column":25},"end":{"line":75,"column":9}},"34":{"start":{"line":78,"column":8},"end":{"line":86,"column":9}},"35":{"start":{"line":79,"column":12},"end":{"line":85,"column":13}},"36":{"start":{"line":80,"column":35},"end":{"line":80,"column":54}},"37":{"start":{"line":81,"column":16},"end":{"line":81,"column":44}},"38":{"start":{"line":82,"column":16},"end":{"line":82,"column":46}},"39":{"start":{"line":88,"column":8},"end":{"line":88,"column":92}},"40":{"start":{"line":91,"column":23},"end":{"line":95,"column":10}},"41":{"start":{"line":97,"column":8},"end":{"line":99,"column":9}},"42":{"start":{"line":98,"column":12},"end":{"line":98,"column":55}},"43":{"start":{"line":102,"column":8},"end":{"line":102,"column":38}},"44":{"start":{"line":103,"column":8},"end":{"line":103,"column":62}},"45":{"start":{"line":105,"column":8},"end":{"line":109,"column":10}},"46":{"start":{"line":111,"column":8},"end":{"line":111,"column":57}},"47":{"start":{"line":112,"column":8},"end":{"line":112,"column":83}},"48":{"start":{"line":121,"column":4},"end":{"line":182,"column":5}},"49":{"start":{"line":123,"column":23},"end":{"line":127,"column":10}},"50":{"start":{"line":129,"column":8},"end":{"line":131,"column":9}},"51":{"start":{"line":130,"column":12},"end":{"line":130,"column":55}},"52":{"start":{"line":133,"column":24},"end":{"line":133,"column":43}},"53":{"start":{"line":134,"column":20},"end":{"line":134,"column":39}},"54":{"start":{"line":135,"column":24},"end":{"line":135,"column":36}},"55":{"start":{"line":138,"column":27},"end":{"line":138,"column":43}},"56":{"start":{"line":139,"column":30},"end":{"line":139,"column":90}},"57":{"start":{"line":139,"column":51},"end":{"line":139,"column":89}},"58":{"start":{"line":140,"column":8},"end":{"line":147,"column":9}},"59":{"start":{"line":141,"column":12},"end":{"line":146,"column":13}},"60":{"start":{"line":142,"column":33},"end":{"line":142,"column":85}},"61":{"start":{"line":143,"column":16},"end":{"line":143,"column":77}},"62":{"start":{"line":145,"column":16},"end":{"line":145,"column":62}},"63":{"start":{"line":150,"column":26},"end":{"line":150,"column":88}},"64":{"start":{"line":151,"column":8},"end":{"line":168,"column":9}},"65":{"start":{"line":152,"column":12},"end":{"line":152,"column":59}},"66":{"start":{"line":153,"column":36},"end":{"line":153,"column":88}},"67":{"start":{"line":154,"column":12},"end":{"line":164,"column":13}},"68":{"start":{"line":155,"column":35},"end":{"line":155,"column":54}},"69":{"start":{"line":156,"column":16},"end":{"line":163,"column":17}},"70":{"start":{"line":157,"column":20},"end":{"line":157,"column":48}},"71":{"start":{"line":158,"column":20},"end":{"line":158,"column":82}},"72":{"start":{"line":159,"column":20},"end":{"line":159,"column":58}},"73":{"start":{"line":162,"column":20},"end":{"line":162,"column":77}},"74":{"start":{"line":165,"column":12},"end":{"line":165,"column":69}},"75":{"start":{"line":167,"column":12},"end":{"line":167,"column":76}},"76":{"start":{"line":171,"column":8},"end":{"line":171,"column":40}},"77":{"start":{"line":173,"column":8},"end":{"line":173,"column":52}},"78":{"start":{"line":175,"column":8},"end":{"line":178,"column":10}},"79":{"start":{"line":180,"column":8},"end":{"line":180,"column":57}},"80":{"start":{"line":181,"column":8},"end":{"line":181,"column":83}},"81":{"start":{"line":191,"column":4},"end":{"line":262,"column":5}},"82":{"start":{"line":192,"column":20},"end":{"line":192,"column":39}},"83":{"start":{"line":193,"column":27},"end":{"line":193,"column":43}},"84":{"start":{"line":195,"column":23},"end":{"line":195,"column":25}},"85":{"start":{"line":196,"column":25},"end":{"line":196,"column":27}},"86":{"start":{"line":197,"column":24},"end":{"line":202,"column":9}},"87":{"start":{"line":205,"column":32},"end":{"line":205,"column":44}},"88":{"start":{"line":206,"column":29},"end":{"line":206,"column":38}},"89":{"start":{"line":208,"column":8},"end":{"line":224,"column":9}},"90":{"start":{"line":209,"column":30},"end":{"line":209,"column":56}},"91":{"start":{"line":210,"column":12},"end":{"line":212,"column":13}},"92":{"start":{"line":211,"column":16},"end":{"line":211,"column":47}},"93":{"start":{"line":215,"column":12},"end":{"line":223,"column":13}},"94":{"start":{"line":216,"column":16},"end":{"line":216,"column":35}},"95":{"start":{"line":217,"column":19},"end":{"line":223,"column":13}},"96":{"start":{"line":218,"column":16},"end":{"line":218,"column":40}},"97":{"start":{"line":219,"column":19},"end":{"line":223,"column":13}},"98":{"start":{"line":220,"column":16},"end":{"line":220,"column":36}},"99":{"start":{"line":221,"column":19},"end":{"line":223,"column":13}},"100":{"start":{"line":222,"column":16},"end":{"line":222,"column":33}},"101":{"start":{"line":227,"column":8},"end":{"line":231,"column":9}},"102":{"start":{"line":228,"column":12},"end":{"line":230,"column":13}},"103":{"start":{"line":229,"column":16},"end":{"line":229,"column":66}},"104":{"start":{"line":234,"column":30},"end":{"line":234,"column":90}},"105":{"start":{"line":234,"column":51},"end":{"line":234,"column":89}},"106":{"start":{"line":235,"column":8},"end":{"line":246,"column":9}},"107":{"start":{"line":236,"column":12},"end":{"line":236,"column":89}},"108":{"start":{"line":238,"column":12},"end":{"line":245,"column":13}},"109":{"start":{"line":239,"column":33},"end":{"line":239,"column":85}},"110":{"start":{"line":240,"column":16},"end":{"line":242,"column":17}},"111":{"start":{"line":241,"column":20},"end":{"line":241,"column":73}},"112":{"start":{"line":244,"column":16},"end":{"line":244,"column":64}},"113":{"start":{"line":248,"column":8},"end":{"line":253,"column":10}},"114":{"start":{"line":255,"column":8},"end":{"line":255,"column":59}},"115":{"start":{"line":256,"column":8},"end":{"line":261,"column":10}},"116":{"start":{"line":265,"column":0},"end":{"line":269,"column":2}}},"fnMap":{"0":{"name":"copyDirectory","decl":{"start":{"line":17,"column":15},"end":{"line":17,"column":28}},"loc":{"start":{"line":17,"column":40},"end":{"line":41,"column":1}},"line":17},"1":{"name":"exportBotWaffleData","decl":{"start":{"line":47,"column":15},"end":{"line":47,"column":34}},"loc":{"start":{"line":47,"column":37},"end":{"line":114,"column":1}},"line":47},"2":{"name":"importBotWaffleData","decl":{"start":{"line":120,"column":15},"end":{"line":120,"column":34}},"loc":{"start":{"line":120,"column":37},"end":{"line":183,"column":1}},"line":120},"3":{"name":"(anonymous_3)","decl":{"start":{"line":139,"column":46},"end":{"line":139,"column":47}},"loc":{"start":{"line":139,"column":51},"end":{"line":139,"column":89}},"line":139},"4":{"name":"verifyBotWaffleBackup","decl":{"start":{"line":190,"column":15},"end":{"line":190,"column":36}},"loc":{"start":{"line":190,"column":46},"end":{"line":263,"column":1}},"line":190},"5":{"name":"(anonymous_5)","decl":{"start":{"line":234,"column":46},"end":{"line":234,"column":47}},"loc":{"start":{"line":234,"column":51},"end":{"line":234,"column":89}},"line":234}},"branchMap":{"0":{"loc":{"start":{"line":19,"column":8},"end":{"line":21,"column":9}},"type":"if","locations":[{"start":{"line":19,"column":8},"end":{"line":21,"column":9}},{"start":{},"end":{}}],"line":19},"1":{"loc":{"start":{"line":29,"column":12},"end":{"line":33,"column":13}},"type":"if","locations":[{"start":{"line":29,"column":12},"end":{"line":33,"column":13}},{"start":{"line":31,"column":19},"end":{"line":33,"column":13}}],"line":29},"2":{"loc":{"start":{"line":97,"column":8},"end":{"line":99,"column":9}},"type":"if","locations":[{"start":{"line":97,"column":8},"end":{"line":99,"column":9}},{"start":{},"end":{}}],"line":97},"3":{"loc":{"start":{"line":112,"column":40},"end":{"line":112,"column":80}},"type":"binary-expr","locations":[{"start":{"line":112,"column":40},"end":{"line":112,"column":53}},{"start":{"line":112,"column":57},"end":{"line":112,"column":80}}],"line":112},"4":{"loc":{"start":{"line":129,"column":8},"end":{"line":131,"column":9}},"type":"if","locations":[{"start":{"line":129,"column":8},"end":{"line":131,"column":9}},{"start":{},"end":{}}],"line":129},"5":{"loc":{"start":{"line":129,"column":12},"end":{"line":129,"column":81}},"type":"binary-expr","locations":[{"start":{"line":129,"column":12},"end":{"line":129,"column":27}},{"start":{"line":129,"column":31},"end":{"line":129,"column":48}},{"start":{"line":129,"column":52},"end":{"line":129,"column":81}}],"line":129},"6":{"loc":{"start":{"line":140,"column":8},"end":{"line":147,"column":9}},"type":"if","locations":[{"start":{"line":140,"column":8},"end":{"line":147,"column":9}},{"start":{},"end":{}}],"line":140},"7":{"loc":{"start":{"line":181,"column":40},"end":{"line":181,"column":80}},"type":"binary-expr","locations":[{"start":{"line":181,"column":40},"end":{"line":181,"column":53}},{"start":{"line":181,"column":57},"end":{"line":181,"column":80}}],"line":181},"8":{"loc":{"start":{"line":210,"column":12},"end":{"line":212,"column":13}},"type":"if","locations":[{"start":{"line":210,"column":12},"end":{"line":212,"column":13}},{"start":{},"end":{}}],"line":210},"9":{"loc":{"start":{"line":210,"column":16},"end":{"line":210,"column":52}},"type":"binary-expr","locations":[{"start":{"line":210,"column":16},"end":{"line":210,"column":36}},{"start":{"line":210,"column":40},"end":{"line":210,"column":52}}],"line":210},"10":{"loc":{"start":{"line":215,"column":12},"end":{"line":223,"column":13}},"type":"if","locations":[{"start":{"line":215,"column":12},"end":{"line":223,"column":13}},{"start":{"line":217,"column":19},"end":{"line":223,"column":13}}],"line":215},"11":{"loc":{"start":{"line":215,"column":16},"end":{"line":215,"column":92}},"type":"binary-expr","locations":[{"start":{"line":215,"column":16},"end":{"line":215,"column":55}},{"start":{"line":215,"column":59},"end":{"line":215,"column":92}}],"line":215},"12":{"loc":{"start":{"line":217,"column":19},"end":{"line":223,"column":13}},"type":"if","locations":[{"start":{"line":217,"column":19},"end":{"line":223,"column":13}},{"start":{"line":219,"column":19},"end":{"line":223,"column":13}}],"line":217},"13":{"loc":{"start":{"line":217,"column":23},"end":{"line":217,"column":104}},"type":"binary-expr","locations":[{"start":{"line":217,"column":23},"end":{"line":217,"column":67}},{"start":{"line":217,"column":71},"end":{"line":217,"column":104}}],"line":217},"14":{"loc":{"start":{"line":219,"column":19},"end":{"line":223,"column":13}},"type":"if","locations":[{"start":{"line":219,"column":19},"end":{"line":223,"column":13}},{"start":{"line":221,"column":19},"end":{"line":223,"column":13}}],"line":219},"15":{"loc":{"start":{"line":219,"column":23},"end":{"line":219,"column":100}},"type":"binary-expr","locations":[{"start":{"line":219,"column":23},"end":{"line":219,"column":63}},{"start":{"line":219,"column":67},"end":{"line":219,"column":100}}],"line":219},"16":{"loc":{"start":{"line":221,"column":19},"end":{"line":223,"column":13}},"type":"if","locations":[{"start":{"line":221,"column":19},"end":{"line":223,"column":13}},{"start":{},"end":{}}],"line":221},"17":{"loc":{"start":{"line":228,"column":12},"end":{"line":230,"column":13}},"type":"if","locations":[{"start":{"line":228,"column":12},"end":{"line":230,"column":13}},{"start":{},"end":{}}],"line":228},"18":{"loc":{"start":{"line":235,"column":8},"end":{"line":246,"column":9}},"type":"if","locations":[{"start":{"line":235,"column":8},"end":{"line":246,"column":9}},{"start":{"line":237,"column":15},"end":{"line":246,"column":9}}],"line":235},"19":{"loc":{"start":{"line":240,"column":16},"end":{"line":242,"column":17}},"type":"if","locations":[{"start":{"line":240,"column":16},"end":{"line":242,"column":17}},{"start":{},"end":{}}],"line":240},"20":{"loc":{"start":{"line":240,"column":20},"end":{"line":240,"column":61}},"type":"binary-expr","locations":[{"start":{"line":240,"column":20},"end":{"line":240,"column":37}},{"start":{"line":240,"column":41},"end":{"line":240,"column":61}}],"line":240},"21":{"loc":{"start":{"line":258,"column":21},"end":{"line":258,"column":63}},"type":"binary-expr","locations":[{"start":{"line":258,"column":21},"end":{"line":258,"column":34}},{"start":{"line":258,"column":38},"end":{"line":258,"column":63}}],"line":258}},"s":{"0":0,"1":0,"2":0,"3":0,"4":0,"5":0,"6":0,"7":0,"8":0,"9":0,"10":0,"11":0,"12":0,"13":0,"14":0,"15":0,"16":0,"17":0,"18":0,"19":0,"20":0,"21":0,"22":0,"23":0,"24":0,"25":0,"26":0,"27":0,"28":0,"29":0,"30":0,"31":0,"32":0,"33":0,"34":0,"35":0,"36":0,"37":0,"38":0,"39":0,"40":0,"41":0,"42":0,"43":0,"44":0,"45":0,"46":0,"47":0,"48":0,"49":0,"50":0,"51":0,"52":0,"53":0,"54":0,"55":0,"56":0,"57":0,"58":0,"59":0,"60":0,"61":0,"62":0,"63":0,"64":0,"65":0,"66":0,"67":0,"68":0,"69":0,"70":0,"71":0,"72":0,"73":0,"74":0,"75":0,"76":0,"77":0,"78":0,"79":0,"80":0,"81":0,"82":0,"83":0,"84":0,"85":0,"86":0,"87":0,"88":0,"89":0,"90":0,"91":0,"92":0,"93":0,"94":0,"95":0,"96":0,"97":0,"98":0,"99":0,"100":0,"101":0,"102":0,"103":0,"104":0,"105":0,"106":0,"107":0,"108":0,"109":0,"110":0,"111":0,"112":0,"113":0,"114":0,"115":0,"116":0},"f":{"0":0,"1":0,"2":0,"3":0,"4":0,"5":0},"b":{"0":[0,0],"1":[0,0],"2":[0,0],"3":[0,0],"4":[0,0],"5":[0,0,0],"6":[0,0],"7":[0,0],"8":[0,0],"9":[0,0],"10":[0,0],"11":[0,0],"12":[0,0],"13":[0,0],"14":[0,0],"15":[0,0],"16":[0,0],"17":[0,0],"18":[0,0],"19":[0,0],"20":[0,0],"21":[0,0]}}
,"F:\\Cursor Projects\\BotWaffle\\src\\core\\prompt-waffle-handler.js": {"path":"F:\\Cursor Projects\\BotWaffle\\src\\core\\prompt-waffle-handler.js","statementMap":{"0":{"start":{"line":1,"column":43},"end":{"line":1,"column":62}},"1":{"start":{"line":2,"column":13},"end":{"line":2,"column":28}},"2":{"start":{"line":3,"column":11},"end":{"line":3,"column":33}},"3":{"start":{"line":6,"column":27},"end":{"line":6,"column":73}},"4":{"start":{"line":9,"column":21},"end":{"line":9,"column":61}},"5":{"start":{"line":10,"column":4},"end":{"line":12,"column":5}},"6":{"start":{"line":11,"column":8},"end":{"line":11,"column":41}},"7":{"start":{"line":13,"column":4},"end":{"line":13,"column":20}},"8":{"start":{"line":17,"column":4},"end":{"line":102,"column":5}},"9":{"start":{"line":18,"column":22},"end":{"line":18,"column":72}},"10":{"start":{"line":19,"column":21},"end":{"line":19,"column":23}},"11":{"start":{"line":21,"column":8},"end":{"line":92,"column":9}},"12":{"start":{"line":22,"column":29},"end":{"line":22,"column":63}},"13":{"start":{"line":23,"column":29},"end":{"line":23,"column":58}},"14":{"start":{"line":25,"column":12},"end":{"line":91,"column":13}},"15":{"start":{"line":26,"column":16},"end":{"line":26,"column":115}},"16":{"start":{"line":26,"column":106},"end":{"line":26,"column":115}},"17":{"start":{"line":28,"column":33},"end":{"line":28,"column":75}},"18":{"start":{"line":29,"column":16},"end":{"line":34,"column":19}},"19":{"start":{"line":35,"column":19},"end":{"line":91,"column":13}},"20":{"start":{"line":36,"column":16},"end":{"line":90,"column":17}},"21":{"start":{"line":37,"column":20},"end":{"line":49,"column":21}},"22":{"start":{"line":38,"column":40},"end":{"line":38,"column":75}},"23":{"start":{"line":39,"column":24},"end":{"line":44,"column":27}},"24":{"start":{"line":46,"column":24},"end":{"line":48,"column":38}},"25":{"start":{"line":47,"column":28},"end":{"line":47,"column":89}},"26":{"start":{"line":50,"column":23},"end":{"line":90,"column":17}},"27":{"start":{"line":52,"column":20},"end":{"line":89,"column":21}},"28":{"start":{"line":53,"column":40},"end":{"line":53,"column":75}},"29":{"start":{"line":54,"column":39},"end":{"line":54,"column":58}},"30":{"start":{"line":55,"column":24},"end":{"line":84,"column":25}},"31":{"start":{"line":64,"column":28},"end":{"line":70,"column":31}},"32":{"start":{"line":71,"column":31},"end":{"line":84,"column":25}},"33":{"start":{"line":78,"column":28},"end":{"line":83,"column":31}},"34":{"start":{"line":86,"column":24},"end":{"line":88,"column":38}},"35":{"start":{"line":87,"column":28},"end":{"line":87,"column":89}},"36":{"start":{"line":93,"column":8},"end":{"line":93,"column":20}},"37":{"start":{"line":96,"column":8},"end":{"line":100,"column":9}},"38":{"start":{"line":97,"column":12},"end":{"line":97,"column":56}},"39":{"start":{"line":101,"column":8},"end":{"line":101,"column":18}},"40":{"start":{"line":106,"column":4},"end":{"line":110,"column":5}},"41":{"start":{"line":107,"column":8},"end":{"line":107,"column":75}},"42":{"start":{"line":112,"column":4},"end":{"line":130,"column":7}},"43":{"start":{"line":113,"column":8},"end":{"line":129,"column":9}},"44":{"start":{"line":114,"column":32},"end":{"line":114,"column":73}},"45":{"start":{"line":115,"column":30},"end":{"line":115,"column":69}},"46":{"start":{"line":116,"column":33},"end":{"line":116,"column":75}},"47":{"start":{"line":118,"column":12},"end":{"line":118,"column":83}},"48":{"start":{"line":118,"column":18},"end":{"line":118,"column":67}},"49":{"start":{"line":119,"column":12},"end":{"line":119,"column":81}},"50":{"start":{"line":119,"column":18},"end":{"line":119,"column":65}},"51":{"start":{"line":120,"column":12},"end":{"line":120,"column":84}},"52":{"start":{"line":120,"column":18},"end":{"line":120,"column":68}},"53":{"start":{"line":122,"column":32},"end":{"line":122,"column":67}},"54":{"start":{"line":123,"column":12},"end":{"line":123,"column":35}},"55":{"start":{"line":125,"column":12},"end":{"line":127,"column":26}},"56":{"start":{"line":126,"column":16},"end":{"line":126,"column":70}},"57":{"start":{"line":128,"column":12},"end":{"line":128,"column":39}},"58":{"start":{"line":132,"column":4},"end":{"line":147,"column":7}},"59":{"start":{"line":133,"column":8},"end":{"line":146,"column":9}},"60":{"start":{"line":134,"column":29},"end":{"line":134,"column":49}},"61":{"start":{"line":135,"column":26},"end":{"line":135,"column":77}},"62":{"start":{"line":136,"column":12},"end":{"line":140,"column":16}},"63":{"start":{"line":136,"column":38},"end":{"line":140,"column":13}},"64":{"start":{"line":142,"column":12},"end":{"line":144,"column":26}},"65":{"start":{"line":143,"column":16},"end":{"line":143,"column":64}},"66":{"start":{"line":145,"column":12},"end":{"line":145,"column":22}},"67":{"start":{"line":149,"column":4},"end":{"line":159,"column":7}},"68":{"start":{"line":150,"column":8},"end":{"line":158,"column":9}},"69":{"start":{"line":151,"column":12},"end":{"line":151,"column":64}},"70":{"start":{"line":152,"column":12},"end":{"line":152,"column":24}},"71":{"start":{"line":154,"column":12},"end":{"line":156,"column":26}},"72":{"start":{"line":155,"column":16},"end":{"line":155,"column":62}},"73":{"start":{"line":157,"column":12},"end":{"line":157,"column":24}},"74":{"start":{"line":161,"column":4},"end":{"line":168,"column":7}},"75":{"start":{"line":162,"column":8},"end":{"line":167,"column":9}},"76":{"start":{"line":163,"column":12},"end":{"line":163,"column":44}},"77":{"start":{"line":164,"column":12},"end":{"line":164,"column":24}},"78":{"start":{"line":166,"column":12},"end":{"line":166,"column":25}},"79":{"start":{"line":170,"column":4},"end":{"line":181,"column":7}},"80":{"start":{"line":171,"column":8},"end":{"line":180,"column":9}},"81":{"start":{"line":172,"column":26},"end":{"line":172,"column":55}},"82":{"start":{"line":173,"column":12},"end":{"line":177,"column":14}},"83":{"start":{"line":179,"column":12},"end":{"line":179,"column":24}},"84":{"start":{"line":183,"column":4},"end":{"line":193,"column":7}},"85":{"start":{"line":184,"column":8},"end":{"line":192,"column":9}},"86":{"start":{"line":185,"column":12},"end":{"line":185,"column":72}},"87":{"start":{"line":186,"column":12},"end":{"line":186,"column":24}},"88":{"start":{"line":188,"column":12},"end":{"line":190,"column":26}},"89":{"start":{"line":189,"column":16},"end":{"line":189,"column":63}},"90":{"start":{"line":191,"column":12},"end":{"line":191,"column":24}},"91":{"start":{"line":198,"column":4},"end":{"line":198,"column":64}},"92":{"start":{"line":198,"column":48},"end":{"line":198,"column":60}},"93":{"start":{"line":200,"column":4},"end":{"line":206,"column":7}},"94":{"start":{"line":201,"column":8},"end":{"line":205,"column":9}},"95":{"start":{"line":202,"column":12},"end":{"line":202,"column":68}},"96":{"start":{"line":204,"column":12},"end":{"line":204,"column":24}},"97":{"start":{"line":208,"column":4},"end":{"line":220,"column":7}},"98":{"start":{"line":209,"column":8},"end":{"line":219,"column":9}},"99":{"start":{"line":210,"column":29},"end":{"line":210,"column":50}},"100":{"start":{"line":211,"column":12},"end":{"line":211,"column":72}},"101":{"start":{"line":212,"column":12},"end":{"line":212,"column":58}},"102":{"start":{"line":213,"column":12},"end":{"line":213,"column":24}},"103":{"start":{"line":215,"column":12},"end":{"line":217,"column":26}},"104":{"start":{"line":216,"column":16},"end":{"line":216,"column":66}},"105":{"start":{"line":218,"column":12},"end":{"line":218,"column":24}},"106":{"start":{"line":222,"column":4},"end":{"line":232,"column":7}},"107":{"start":{"line":223,"column":8},"end":{"line":231,"column":9}},"108":{"start":{"line":224,"column":12},"end":{"line":224,"column":81}},"109":{"start":{"line":225,"column":12},"end":{"line":225,"column":24}},"110":{"start":{"line":227,"column":12},"end":{"line":229,"column":26}},"111":{"start":{"line":228,"column":16},"end":{"line":228,"column":59}},"112":{"start":{"line":230,"column":12},"end":{"line":230,"column":24}},"113":{"start":{"line":234,"column":4},"end":{"line":243,"column":7}},"114":{"start":{"line":235,"column":8},"end":{"line":242,"column":9}},"115":{"start":{"line":236,"column":26},"end":{"line":236,"column":89}},"116":{"start":{"line":237,"column":12},"end":{"line":239,"column":16}},"117":{"start":{"line":237,"column":38},"end":{"line":239,"column":13}},"118":{"start":{"line":241,"column":12},"end":{"line":241,"column":22}},"119":{"start":{"line":245,"column":4},"end":{"line":245,"column":53}},"120":{"start":{"line":245,"column":44},"end":{"line":245,"column":51}},"121":{"start":{"line":248,"column":4},"end":{"line":260,"column":7}},"122":{"start":{"line":249,"column":8},"end":{"line":259,"column":9}},"123":{"start":{"line":250,"column":29},"end":{"line":250,"column":51}},"124":{"start":{"line":251,"column":32},"end":{"line":251,"column":59}},"125":{"start":{"line":253,"column":12},"end":{"line":253,"column":43}},"126":{"start":{"line":255,"column":12},"end":{"line":257,"column":26}},"127":{"start":{"line":256,"column":16},"end":{"line":256,"column":64}},"128":{"start":{"line":258,"column":12},"end":{"line":258,"column":24}},"129":{"start":{"line":262,"column":4},"end":{"line":279,"column":7}},"130":{"start":{"line":263,"column":8},"end":{"line":278,"column":9}},"131":{"start":{"line":265,"column":12},"end":{"line":272,"column":13}},"132":{"start":{"line":266,"column":36},"end":{"line":266,"column":64}},"133":{"start":{"line":267,"column":16},"end":{"line":267,"column":47}},"134":{"start":{"line":269,"column":33},"end":{"line":269,"column":55}},"135":{"start":{"line":270,"column":36},"end":{"line":270,"column":63}},"136":{"start":{"line":271,"column":16},"end":{"line":271,"column":47}},"137":{"start":{"line":274,"column":12},"end":{"line":276,"column":26}},"138":{"start":{"line":275,"column":16},"end":{"line":275,"column":69}},"139":{"start":{"line":277,"column":12},"end":{"line":277,"column":24}},"140":{"start":{"line":281,"column":4},"end":{"line":289,"column":7}},"141":{"start":{"line":282,"column":8},"end":{"line":288,"column":9}},"142":{"start":{"line":283,"column":29},"end":{"line":283,"column":51}},"143":{"start":{"line":284,"column":12},"end":{"line":284,"column":38}},"144":{"start":{"line":285,"column":12},"end":{"line":285,"column":24}},"145":{"start":{"line":287,"column":12},"end":{"line":287,"column":25}},"146":{"start":{"line":291,"column":4},"end":{"line":307,"column":7}},"147":{"start":{"line":292,"column":8},"end":{"line":306,"column":9}},"148":{"start":{"line":294,"column":27},"end":{"line":294,"column":51}},"149":{"start":{"line":295,"column":30},"end":{"line":295,"column":100}},"150":{"start":{"line":296,"column":12},"end":{"line":296,"column":59}},"151":{"start":{"line":297,"column":29},"end":{"line":297,"column":59}},"152":{"start":{"line":298,"column":12},"end":{"line":298,"column":49}},"153":{"start":{"line":299,"column":33},"end":{"line":299,"column":80}},"154":{"start":{"line":300,"column":12},"end":{"line":300,"column":85}},"155":{"start":{"line":302,"column":12},"end":{"line":304,"column":26}},"156":{"start":{"line":303,"column":16},"end":{"line":303,"column":70}},"157":{"start":{"line":305,"column":12},"end":{"line":305,"column":24}},"158":{"start":{"line":309,"column":4},"end":{"line":330,"column":7}},"159":{"start":{"line":310,"column":8},"end":{"line":329,"column":9}},"160":{"start":{"line":311,"column":29},"end":{"line":311,"column":51}},"161":{"start":{"line":312,"column":12},"end":{"line":312,"column":38}},"162":{"start":{"line":314,"column":12},"end":{"line":322,"column":13}},"163":{"start":{"line":315,"column":34},"end":{"line":315,"column":56}},"164":{"start":{"line":316,"column":30},"end":{"line":316,"column":57}},"165":{"start":{"line":317,"column":16},"end":{"line":319,"column":17}},"166":{"start":{"line":318,"column":20},"end":{"line":318,"column":46}},"167":{"start":{"line":323,"column":12},"end":{"line":323,"column":24}},"168":{"start":{"line":325,"column":12},"end":{"line":327,"column":26}},"169":{"start":{"line":326,"column":16},"end":{"line":326,"column":72}},"170":{"start":{"line":328,"column":12},"end":{"line":328,"column":25}},"171":{"start":{"line":333,"column":4},"end":{"line":352,"column":7}},"172":{"start":{"line":334,"column":8},"end":{"line":351,"column":9}},"173":{"start":{"line":335,"column":33},"end":{"line":335,"column":84}},"174":{"start":{"line":336,"column":27},"end":{"line":344,"column":14}},"175":{"start":{"line":345,"column":12},"end":{"line":345,"column":26}},"176":{"start":{"line":347,"column":12},"end":{"line":349,"column":26}},"177":{"start":{"line":348,"column":16},"end":{"line":348,"column":71}},"178":{"start":{"line":350,"column":12},"end":{"line":350,"column":53}},"179":{"start":{"line":354,"column":4},"end":{"line":367,"column":7}},"180":{"start":{"line":355,"column":8},"end":{"line":366,"column":9}},"181":{"start":{"line":356,"column":33},"end":{"line":356,"column":84}},"182":{"start":{"line":357,"column":27},"end":{"line":359,"column":14}},"183":{"start":{"line":360,"column":12},"end":{"line":360,"column":26}},"184":{"start":{"line":362,"column":12},"end":{"line":364,"column":26}},"185":{"start":{"line":363,"column":16},"end":{"line":363,"column":72}},"186":{"start":{"line":365,"column":12},"end":{"line":365,"column":53}},"187":{"start":{"line":370,"column":4},"end":{"line":381,"column":7}},"188":{"start":{"line":371,"column":8},"end":{"line":380,"column":9}},"189":{"start":{"line":374,"column":12},"end":{"line":374,"column":24}},"190":{"start":{"line":376,"column":12},"end":{"line":378,"column":26}},"191":{"start":{"line":377,"column":16},"end":{"line":377,"column":68}},"192":{"start":{"line":379,"column":12},"end":{"line":379,"column":25}},"193":{"start":{"line":383,"column":4},"end":{"line":385,"column":7}},"194":{"start":{"line":384,"column":8},"end":{"line":384,"column":20}},"195":{"start":{"line":387,"column":4},"end":{"line":389,"column":7}},"196":{"start":{"line":388,"column":8},"end":{"line":388,"column":20}},"197":{"start":{"line":391,"column":4},"end":{"line":393,"column":7}},"198":{"start":{"line":392,"column":8},"end":{"line":392,"column":20}},"199":{"start":{"line":396,"column":0},"end":{"line":396,"column":50}}},"fnMap":{"0":{"name":"getSafePath","decl":{"start":{"line":8,"column":9},"end":{"line":8,"column":20}},"loc":{"start":{"line":8,"column":29},"end":{"line":14,"column":1}},"line":8},"1":{"name":"buildSidebarTree","decl":{"start":{"line":16,"column":15},"end":{"line":16,"column":31}},"loc":{"start":{"line":16,"column":60},"end":{"line":103,"column":1}},"line":16},"2":{"name":"registerPromptWaffleHandlers","decl":{"start":{"line":105,"column":9},"end":{"line":105,"column":37}},"loc":{"start":{"line":105,"column":40},"end":{"line":394,"column":1}},"line":105},"3":{"name":"(anonymous_3)","decl":{"start":{"line":112,"column":42},"end":{"line":112,"column":43}},"loc":{"start":{"line":112,"column":54},"end":{"line":130,"column":5}},"line":112},"4":{"name":"(anonymous_4)","decl":{"start":{"line":132,"column":36},"end":{"line":132,"column":37}},"loc":{"start":{"line":132,"column":58},"end":{"line":147,"column":5}},"line":132},"5":{"name":"(anonymous_5)","decl":{"start":{"line":136,"column":29},"end":{"line":136,"column":30}},"loc":{"start":{"line":136,"column":38},"end":{"line":140,"column":13}},"line":136},"6":{"name":"(anonymous_6)","decl":{"start":{"line":149,"column":34},"end":{"line":149,"column":35}},"loc":{"start":{"line":149,"column":50},"end":{"line":159,"column":5}},"line":149},"7":{"name":"(anonymous_7)","decl":{"start":{"line":161,"column":35},"end":{"line":161,"column":36}},"loc":{"start":{"line":161,"column":51},"end":{"line":168,"column":5}},"line":161},"8":{"name":"(anonymous_8)","decl":{"start":{"line":170,"column":33},"end":{"line":170,"column":34}},"loc":{"start":{"line":170,"column":49},"end":{"line":181,"column":5}},"line":170},"9":{"name":"(anonymous_9)","decl":{"start":{"line":183,"column":35},"end":{"line":183,"column":36}},"loc":{"start":{"line":183,"column":66},"end":{"line":193,"column":5}},"line":183},"10":{"name":"(anonymous_10)","decl":{"start":{"line":198,"column":40},"end":{"line":198,"column":41}},"loc":{"start":{"line":198,"column":46},"end":{"line":198,"column":62}},"line":198},"11":{"name":"(anonymous_11)","decl":{"start":{"line":200,"column":37},"end":{"line":200,"column":38}},"loc":{"start":{"line":200,"column":60},"end":{"line":206,"column":5}},"line":200},"12":{"name":"(anonymous_12)","decl":{"start":{"line":208,"column":38},"end":{"line":208,"column":39}},"loc":{"start":{"line":208,"column":70},"end":{"line":220,"column":5}},"line":208},"13":{"name":"(anonymous_13)","decl":{"start":{"line":222,"column":31},"end":{"line":222,"column":32}},"loc":{"start":{"line":222,"column":54},"end":{"line":232,"column":5}},"line":222},"14":{"name":"(anonymous_14)","decl":{"start":{"line":234,"column":38},"end":{"line":234,"column":39}},"loc":{"start":{"line":234,"column":60},"end":{"line":243,"column":5}},"line":234},"15":{"name":"(anonymous_15)","decl":{"start":{"line":237,"column":29},"end":{"line":237,"column":30}},"loc":{"start":{"line":237,"column":38},"end":{"line":239,"column":13}},"line":237},"16":{"name":"(anonymous_16)","decl":{"start":{"line":245,"column":38},"end":{"line":245,"column":39}},"loc":{"start":{"line":245,"column":44},"end":{"line":245,"column":51}},"line":245},"17":{"name":"(anonymous_17)","decl":{"start":{"line":248,"column":36},"end":{"line":248,"column":37}},"loc":{"start":{"line":248,"column":60},"end":{"line":260,"column":5}},"line":248},"18":{"name":"(anonymous_18)","decl":{"start":{"line":262,"column":41},"end":{"line":262,"column":42}},"loc":{"start":{"line":262,"column":65},"end":{"line":279,"column":5}},"line":262},"19":{"name":"(anonymous_19)","decl":{"start":{"line":281,"column":38},"end":{"line":281,"column":39}},"loc":{"start":{"line":281,"column":62},"end":{"line":289,"column":5}},"line":281},"20":{"name":"(anonymous_20)","decl":{"start":{"line":291,"column":42},"end":{"line":291,"column":43}},"loc":{"start":{"line":291,"column":91},"end":{"line":307,"column":5}},"line":291},"21":{"name":"(anonymous_21)","decl":{"start":{"line":309,"column":44},"end":{"line":309,"column":45}},"loc":{"start":{"line":309,"column":68},"end":{"line":330,"column":5}},"line":309},"22":{"name":"(anonymous_22)","decl":{"start":{"line":333,"column":43},"end":{"line":333,"column":44}},"loc":{"start":{"line":333,"column":60},"end":{"line":352,"column":5}},"line":333},"23":{"name":"(anonymous_23)","decl":{"start":{"line":354,"column":44},"end":{"line":354,"column":45}},"loc":{"start":{"line":354,"column":61},"end":{"line":367,"column":5}},"line":354},"24":{"name":"(anonymous_24)","decl":{"start":{"line":370,"column":40},"end":{"line":370,"column":41}},"loc":{"start":{"line":370,"column":68},"end":{"line":381,"column":5}},"line":370},"25":{"name":"(anonymous_25)","decl":{"start":{"line":383,"column":41},"end":{"line":383,"column":42}},"loc":{"start":{"line":383,"column":53},"end":{"line":385,"column":5}},"line":383},"26":{"name":"(anonymous_26)","decl":{"start":{"line":387,"column":44},"end":{"line":387,"column":45}},"loc":{"start":{"line":387,"column":56},"end":{"line":389,"column":5}},"line":387},"27":{"name":"(anonymous_27)","decl":{"start":{"line":391,"column":44},"end":{"line":391,"column":45}},"loc":{"start":{"line":391,"column":56},"end":{"line":393,"column":5}},"line":391}},"branchMap":{"0":{"loc":{"start":{"line":10,"column":4},"end":{"line":12,"column":5}},"type":"if","locations":[{"start":{"line":10,"column":4},"end":{"line":12,"column":5}},{"start":{},"end":{}}],"line":10},"1":{"loc":{"start":{"line":16,"column":41},"end":{"line":16,"column":58}},"type":"default-arg","locations":[{"start":{"line":16,"column":56},"end":{"line":16,"column":58}}],"line":16},"2":{"loc":{"start":{"line":25,"column":12},"end":{"line":91,"column":13}},"type":"if","locations":[{"start":{"line":25,"column":12},"end":{"line":91,"column":13}},{"start":{"line":35,"column":19},"end":{"line":91,"column":13}}],"line":25},"3":{"loc":{"start":{"line":26,"column":16},"end":{"line":26,"column":115}},"type":"if","locations":[{"start":{"line":26,"column":16},"end":{"line":26,"column":115}},{"start":{},"end":{}}],"line":26},"4":{"loc":{"start":{"line":35,"column":19},"end":{"line":91,"column":13}},"type":"if","locations":[{"start":{"line":35,"column":19},"end":{"line":91,"column":13}},{"start":{},"end":{}}],"line":35},"5":{"loc":{"start":{"line":36,"column":16},"end":{"line":90,"column":17}},"type":"if","locations":[{"start":{"line":36,"column":16},"end":{"line":90,"column":17}},{"start":{"line":50,"column":23},"end":{"line":90,"column":17}}],"line":36},"6":{"loc":{"start":{"line":50,"column":23},"end":{"line":90,"column":17}},"type":"if","locations":[{"start":{"line":50,"column":23},"end":{"line":90,"column":17}},{"start":{},"end":{}}],"line":50},"7":{"loc":{"start":{"line":55,"column":24},"end":{"line":84,"column":25}},"type":"if","locations":[{"start":{"line":55,"column":24},"end":{"line":84,"column":25}},{"start":{"line":71,"column":31},"end":{"line":84,"column":25}}],"line":55},"8":{"loc":{"start":{"line":56,"column":28},"end":{"line":61,"column":54}},"type":"binary-expr","locations":[{"start":{"line":56,"column":28},"end":{"line":56,"column":34}},{"start":{"line":57,"column":28},"end":{"line":57,"column":54}},{"start":{"line":58,"column":28},"end":{"line":58,"column":37}},{"start":{"line":59,"column":28},"end":{"line":59,"column":39}},{"start":{"line":60,"column":28},"end":{"line":60,"column":55}},{"start":{"line":61,"column":28},"end":{"line":61,"column":54}}],"line":56},"9":{"loc":{"start":{"line":69,"column":38},"end":{"line":69,"column":55}},"type":"binary-expr","locations":[{"start":{"line":69,"column":38},"end":{"line":69,"column":49}},{"start":{"line":69,"column":53},"end":{"line":69,"column":55}}],"line":69},"10":{"loc":{"start":{"line":71,"column":31},"end":{"line":84,"column":25}},"type":"if","locations":[{"start":{"line":71,"column":31},"end":{"line":84,"column":25}},{"start":{},"end":{}}],"line":71},"11":{"loc":{"start":{"line":72,"column":28},"end":{"line":75,"column":59}},"type":"binary-expr","locations":[{"start":{"line":72,"column":28},"end":{"line":72,"column":34}},{"start":{"line":73,"column":28},"end":{"line":73,"column":54}},{"start":{"line":74,"column":28},"end":{"line":74,"column":39}},{"start":{"line":75,"column":28},"end":{"line":75,"column":59}}],"line":72},"12":{"loc":{"start":{"line":265,"column":12},"end":{"line":272,"column":13}},"type":"if","locations":[{"start":{"line":265,"column":12},"end":{"line":272,"column":13}},{"start":{"line":268,"column":19},"end":{"line":272,"column":13}}],"line":265},"13":{"loc":{"start":{"line":317,"column":16},"end":{"line":319,"column":17}},"type":"if","locations":[{"start":{"line":317,"column":16},"end":{"line":319,"column":17}},{"start":{},"end":{}}],"line":317},"14":{"loc":{"start":{"line":335,"column":33},"end":{"line":335,"column":84}},"type":"binary-expr","locations":[{"start":{"line":335,"column":33},"end":{"line":335,"column":76}},{"start":{"line":335,"column":80},"end":{"line":335,"column":84}}],"line":335},"15":{"loc":{"start":{"line":356,"column":33},"end":{"line":356,"column":84}},"type":"binary-expr","locations":[{"start":{"line":356,"column":33},"end":{"line":356,"column":76}},{"start":{"line":356,"column":80},"end":{"line":356,"column":84}}],"line":356}},"s":{"0":0,"1":0,"2":0,"3":0,"4":0,"5":0,"6":0,"7":0,"8":0,"9":0,"10":0,"11":0,"12":0,"13":0,"14":0,"15":0,"16":0,"17":0,"18":0,"19":0,"20":0,"21":0,"22":0,"23":0,"24":0,"25":0,"26":0,"27":0,"28":0,"29":0,"30":0,"31":0,"32":0,"33":0,"34":0,"35":0,"36":0,"37":0,"38":0,"39":0,"40":0,"41":0,"42":0,"43":0,"44":0,"45":0,"46":0,"47":0,"48":0,"49":0,"50":0,"51":0,"52":0,"53":0,"54":0,"55":0,"56":0,"57":0,"58":0,"59":0,"60":0,"61":0,"62":0,"63":0,"64":0,"65":0,"66":0,"67":0,"68":0,"69":0,"70":0,"71":0,"72":0,"73":0,"74":0,"75":0,"76":0,"77":0,"78":0,"79":0,"80":0,"81":0,"82":0,"83":0,"84":0,"85":0,"86":0,"87":0,"88":0,"89":0,"90":0,"91":0,"92":0,"93":0,"94":0,"95":0,"96":0,"97":0,"98":0,"99":0,"100":0,"101":0,"102":0,"103":0,"104":0,"105":0,"106":0,"107":0,"108":0,"109":0,"110":0,"111":0,"112":0,"113":0,"114":0,"115":0,"116":0,"117":0,"118":0,"119":0,"120":0,"121":0,"122":0,"123":0,"124":0,"125":0,"126":0,"127":0,"128":0,"129":0,"130":0,"131":0,"132":0,"133":0,"134":0,"135":0,"136":0,"137":0,"138":0,"139":0,"140":0,"141":0,"142":0,"143":0,"144":0,"145":0,"146":0,"147":0,"148":0,"149":0,"150":0,"151":0,"152":0,"153":0,"154":0,"155":0,"156":0,"157":0,"158":0,"159":0,"160":0,"161":0,"162":0,"163":0,"164":0,"165":0,"166":0,"167":0,"168":0,"169":0,"170":0,"171":0,"172":0,"173":0,"174":0,"175":0,"176":0,"177":0,"178":0,"179":0,"180":0,"181":0,"182":0,"183":0,"184":0,"185":0,"186":0,"187":0,"188":0,"189":0,"190":0,"191":0,"192":0,"193":0,"194":0,"195":0,"196":0,"197":0,"198":0,"199":0},"f":{"0":0,"1":0,"2":0,"3":0,"4":0,"5":0,"6":0,"7":0,"8":0,"9":0,"10":0,"11":0,"12":0,"13":0,"14":0,"15":0,"16":0,"17":0,"18":0,"19":0,"20":0,"21":0,"22":0,"23":0,"24":0,"25":0,"26":0,"27":0},"b":{"0":[0,0],"1":[0],"2":[0,0],"3":[0,0],"4":[0,0],"5":[0,0],"6":[0,0],"7":[0,0],"8":[0,0,0,0,0,0],"9":[0,0],"10":[0,0],"11":[0,0,0,0],"12":[0,0],"13":[0,0],"14":[0,0],"15":[0,0]}}
,"F:\\Cursor Projects\\BotWaffle\\src\\core\\services.js": {"path":"F:\\Cursor Projects\\BotWaffle\\src\\core\\services.js","statementMap":{"0":{"start":{"line":6,"column":22},"end":{"line":6,"column":44}},"1":{"start":{"line":7,"column":23},"end":{"line":7,"column":51}},"2":{"start":{"line":8,"column":24},"end":{"line":8,"column":53}},"3":{"start":{"line":9,"column":21},"end":{"line":9,"column":47}},"4":{"start":{"line":17,"column":4},"end":{"line":17,"column":90}},"5":{"start":{"line":17,"column":47},"end":{"line":17,"column":67}},"6":{"start":{"line":18,"column":4},"end":{"line":18,"column":92}},"7":{"start":{"line":18,"column":48},"end":{"line":18,"column":69}},"8":{"start":{"line":19,"column":4},"end":{"line":19,"column":86}},"9":{"start":{"line":19,"column":45},"end":{"line":19,"column":63}},"10":{"start":{"line":28,"column":4},"end":{"line":28,"column":35}},"11":{"start":{"line":31,"column":0},"end":{"line":35,"column":2}}},"fnMap":{"0":{"name":"initializeServices","decl":{"start":{"line":15,"column":9},"end":{"line":15,"column":27}},"loc":{"start":{"line":15,"column":30},"end":{"line":20,"column":1}},"line":15},"1":{"name":"(anonymous_1)","decl":{"start":{"line":17,"column":41},"end":{"line":17,"column":42}},"loc":{"start":{"line":17,"column":47},"end":{"line":17,"column":67}},"line":17},"2":{"name":"(anonymous_2)","decl":{"start":{"line":18,"column":42},"end":{"line":18,"column":43}},"loc":{"start":{"line":18,"column":48},"end":{"line":18,"column":69}},"line":18},"3":{"name":"(anonymous_3)","decl":{"start":{"line":19,"column":39},"end":{"line":19,"column":40}},"loc":{"start":{"line":19,"column":45},"end":{"line":19,"column":63}},"line":19},"4":{"name":"getService","decl":{"start":{"line":27,"column":9},"end":{"line":27,"column":19}},"loc":{"start":{"line":27,"column":26},"end":{"line":29,"column":1}},"line":27}},"branchMap":{},"s":{"0":0,"1":0,"2":0,"3":0,"4":0,"5":0,"6":0,"7":0,"8":0,"9":0,"10":0,"11":0},"f":{"0":0,"1":0,"2":0,"3":0,"4":0},"b":{}}
,"F:\\Cursor Projects\\BotWaffle\\src\\core\\storage.js": {"path":"F:\\Cursor Projects\\BotWaffle\\src\\core\\storage.js","statementMap":{"0":{"start":{"line":1,"column":11},"end":{"line":1,"column":24}},"1":{"start":{"line":2,"column":13},"end":{"line":2,"column":28}},"2":{"start":{"line":3,"column":25},"end":{"line":3,"column":47}},"3":{"start":{"line":4,"column":43},"end":{"line":4,"column":68}},"4":{"start":{"line":8,"column":15},"end":{"line":8,"column":19}},"5":{"start":{"line":15,"column":4},"end":{"line":23,"column":5}},"6":{"start":{"line":16,"column":8},"end":{"line":22,"column":9}},"7":{"start":{"line":17,"column":28},"end":{"line":17,"column":47}},"8":{"start":{"line":18,"column":12},"end":{"line":18,"column":66}},"9":{"start":{"line":21,"column":12},"end":{"line":21,"column":56}},"10":{"start":{"line":24,"column":4},"end":{"line":24,"column":20}},"11":{"start":{"line":28,"column":22},"end":{"line":28,"column":34}},"12":{"start":{"line":34,"column":4},"end":{"line":56,"column":5}},"13":{"start":{"line":36,"column":24},"end":{"line":36,"column":36}},"14":{"start":{"line":39,"column":8},"end":{"line":41,"column":9}},"15":{"start":{"line":40,"column":12},"end":{"line":40,"column":55}},"16":{"start":{"line":44,"column":8},"end":{"line":49,"column":11}},"17":{"start":{"line":45,"column":28},"end":{"line":45,"column":51}},"18":{"start":{"line":46,"column":12},"end":{"line":48,"column":13}},"19":{"start":{"line":47,"column":16},"end":{"line":47,"column":59}},"20":{"start":{"line":51,"column":8},"end":{"line":51,"column":58}},"21":{"start":{"line":52,"column":8},"end":{"line":52,"column":20}},"22":{"start":{"line":54,"column":8},"end":{"line":54,"column":56}},"23":{"start":{"line":55,"column":8},"end":{"line":55,"column":21}},"24":{"start":{"line":65,"column":4},"end":{"line":67,"column":5}},"25":{"start":{"line":66,"column":8},"end":{"line":66,"column":64}},"26":{"start":{"line":68,"column":4},"end":{"line":68,"column":43}},"27":{"start":{"line":71,"column":0},"end":{"line":74,"column":2}}},"fnMap":{"0":{"name":"getDataDir","decl":{"start":{"line":14,"column":9},"end":{"line":14,"column":19}},"loc":{"start":{"line":14,"column":22},"end":{"line":25,"column":1}},"line":14},"1":{"name":"initializeStorage","decl":{"start":{"line":33,"column":9},"end":{"line":33,"column":26}},"loc":{"start":{"line":33,"column":29},"end":{"line":57,"column":1}},"line":33},"2":{"name":"(anonymous_2)","decl":{"start":{"line":44,"column":30},"end":{"line":44,"column":31}},"loc":{"start":{"line":44,"column":37},"end":{"line":49,"column":9}},"line":44},"3":{"name":"getDataPath","decl":{"start":{"line":64,"column":9},"end":{"line":64,"column":20}},"loc":{"start":{"line":64,"column":29},"end":{"line":69,"column":1}},"line":64}},"branchMap":{"0":{"loc":{"start":{"line":15,"column":4},"end":{"line":23,"column":5}},"type":"if","locations":[{"start":{"line":15,"column":4},"end":{"line":23,"column":5}},{"start":{},"end":{}}],"line":15},"1":{"loc":{"start":{"line":39,"column":8},"end":{"line":41,"column":9}},"type":"if","locations":[{"start":{"line":39,"column":8},"end":{"line":41,"column":9}},{"start":{},"end":{}}],"line":39},"2":{"loc":{"start":{"line":46,"column":12},"end":{"line":48,"column":13}},"type":"if","locations":[{"start":{"line":46,"column":12},"end":{"line":48,"column":13}},{"start":{},"end":{}}],"line":46},"3":{"loc":{"start":{"line":65,"column":4},"end":{"line":67,"column":5}},"type":"if","locations":[{"start":{"line":65,"column":4},"end":{"line":67,"column":5}},{"start":{},"end":{}}],"line":65}},"s":{"0":7,"1":7,"2":7,"3":7,"4":7,"5":23,"6":5,"7":5,"8":5,"9":0,"10":23,"11":7,"12":6,"13":6,"14":6,"15":5,"16":6,"17":36,"18":36,"19":30,"20":6,"21":6,"22":0,"23":0,"24":18,"25":1,"26":17,"27":7},"f":{"0":23,"1":6,"2":36,"3":18},"b":{"0":[5,18],"1":[5,1],"2":[30,6],"3":[1,17]},"_coverageSchema":"1a1c01bbd47fc00a2c39e90264f33305004495a9","hash":"2c961230459ae148a1df13e0aadd618c9e83609e"}
[...]
"line":38},"4":{"loc":{"start":{"line":39,"column":4},"end":{"line":41,"column":5}},"type":"if","locations":[{"start":{"line":39,"column":4},"end":{"line":41,"column":5}},{"start":{},"end":{}}],"line":39},"5":{"loc":{"start":{"line":44,"column":8},"end":{"line":44,"column":24}},"type":"default-arg","locations":[{"start":{"line":44,"column":20},"end":{"line":44,"column":24}}],"line":44},"6":{"loc":{"start":{"line":45,"column":8},"end":{"line":45,"column":28}},"type":"default-arg","locations":[{"start":{"line":45,"column":24},"end":{"line":45,"column":28}}],"line":45},"7":{"loc":{"start":{"line":55,"column":4},"end":{"line":60,"column":5}},"type":"if","locations":[{"start":{"line":55,"column":4},"end":{"line":60,"column":5}},{"start":{"line":58,"column":11},"end":{"line":60,"column":5}}],"line":55},"8":{"loc":{"start":{"line":63,"column":4},"end":{"line":65,"column":5}},"type":"if","locations":[{"start":{"line":63,"column":4},"end":{"line":65,"column":5}},{"start":{},"end":{}}],"line":63},"9":{"loc":{"start":{"line":76,"column":4},"end":{"line":78,"column":5}},"type":"if","locations":[{"start":{"line":76,"column":4},"end":{"line":78,"column":5}},{"start":{},"end":{}}],"line":76},"10":{"loc":{"start":{"line":86,"column":4},"end":{"line":88,"column":5}},"type":"if","locations":[{"start":{"line":86,"column":4},"end":{"line":88,"column":5}},{"start":{},"end":{}}],"line":86},"11":{"loc":{"start":{"line":86,"column":8},"end":{"line":86,"column":54}},"type":"binary-expr","locations":[{"start":{"line":86,"column":8},"end":{"line":86,"column":28}},{"start":{"line":86,"column":32},"end":{"line":86,"column":54}}],"line":86},"12":{"loc":{"start":{"line":91,"column":4},"end":{"line":93,"column":5}},"type":"if","locations":[{"start":{"line":91,"column":4},"end":{"line":93,"column":5}},{"start":{},"end":{}}],"line":91},"13":{"loc":{"start":{"line":96,"column":4},"end":{"line":98,"column":5}},"type":"if","locations":[{"start":{"line":96,"column":4},"end":{"line":98,"column":5}},{"start":{},"end":{}}],"line":96},"14":{"loc":{"start":{"line":109,"column":33},"end":{"line":109,"column":46}},"type":"default-arg","locations":[{"start":{"line":109,"column":44},"end":{"line":109,"column":46}}],"line":109},"15":{"loc":{"start":{"line":110,"column":29},"end":{"line":110,"column":45}},"type":"default-arg","locations":[{"start":{"line":110,"column":44},"end":{"line":110,"column":45}}],"line":110},"16":{"loc":{"start":{"line":111,"column":8},"end":{"line":113,"column":9}},"type":"if","locations":[{"start":{"line":111,"column":8},"end":{"line":113,"column":9}},{"start":{},"end":{}}],"line":111},"17":{"loc":{"start":{"line":115,"column":8},"end":{"line":123,"column":9}},"type":"if","locations":[{"start":{"line":115,"column":8},"end":{"line":123,"column":9}},{"start":{},"end":{}}],"line":115},"18":{"loc":{"start":{"line":115,"column":12},"end":{"line":115,"column":51}},"type":"binary-expr","locations":[{"start":{"line":115,"column":12},"end":{"line":115,"column":35}},{"start":{"line":115,"column":39},"end":{"line":115,"column":51}}],"line":115},"19":{"loc":{"start":{"line":117,"column":16},"end":{"line":121,"column":17}},"type":"if","locations":[{"start":{"line":117,"column":16},"end":{"line":121,"column":17}},{"start":{},"end":{}}],"line":117},"20":{"loc":{"start":{"line":118,"column":20},"end":{"line":120,"column":21}},"type":"if","locations":[{"start":{"line":118,"column":20},"end":{"line":120,"column":21}},{"start":{},"end":{}}],"line":118},"21":{"loc":{"start":{"line":138,"column":4},"end":{"line":140,"column":5}},"type":"if","locations":[{"start":{"line":138,"column":4},"end":{"line":140,"column":5}},{"start":{},"end":{}}],"line":138},"22":{"loc":{"start":{"line":138,"column":8},"end":{"line":138,"column":68}},"type":"binary-expr","locations":[{"start":{"line":138,"column":8},"end":{"line":138,"column":36}},{"start":{"line":138,"column":40},"end":{"line":138,"column":68}}],"line":138},"23":{"loc":{"start":{"line":147,"column":4},"end":{"line":149,"column":5}},"type":"if","locations":[{"start":{"line":147,"column":4},"end":{"line":149,"column":5}},{"start":{},"end":{}}],"line":147}},"s":{"0":10,"1":5,"2":2,"3":3,"4":5,"5":70,"6":3,"7":67,"8":67,"9":67,"10":67,"11":29,"12":38,"13":67,"14":2,"15":67,"16":26,"17":6,"18":20,"19":20,"20":6,"21":14,"22":0,"23":14,"24":0,"25":14,"26":49,"27":1,"28":48,"29":25,"30":37,"31":37,"32":11,"33":37,"34":12,"35":9,"36":3,"37":6,"38":6,"39":6,"40":6,"41":3,"42":3,"43":3},"f":{"0":10,"1":70,"2":26,"3":12,"4":49,"5":9},"b":{"0":[5,5],"1":[2,3],"2":[5,4],"3":[7],"4":[3,67],"5":[5],"6":[23],"7":[29,38],"8":[2,65],"9":[6,20],"10":[6,14],"11":[20,16],"12":[0,14],"13":[0,14],"14":[7],"15":[12],"16":[1,48],"17":[25,23],"18":[48,26],"19":[37,0],"20":[11,26],"21":[3,6],"22":[9,7],"23":[3,3]},"_coverageSchema":"1a1c01bbd47fc00a2c39e90264f33305004495a9","hash":"e5659b68365ae4dfa57ed695ecbf698a3ea53a4a"}
,"F:\\Cursor Projects\\BotWaffle\\src\\core\\utils\\validation.js": {"path":"F:\\Cursor Projects\\BotWaffle\\src\\core\\utils\\validation.js","statementMap":{"0":{"start":{"line":6,"column":45},"end":{"line":6,"column":66}},"1":{"start":{"line":18,"column":4},"end":{"line":18,"column":27}},"2":{"start":{"line":27,"column":4},"end":{"line":33,"column":5}},"3":{"start":{"line":28,"column":8},"end":{"line":32,"column":10}},"4":{"start":{"line":35,"column":19},"end":{"line":35,"column":21}},"5":{"start":{"line":36,"column":22},"end":{"line":36,"column":24}},"6":{"start":{"line":39,"column":4},"end":{"line":46,"column":5}},"7":{"start":{"line":40,"column":8},"end":{"line":40,"column":40}},"8":{"start":{"line":42,"column":8},"end":{"line":42,"column":70}},"9":{"start":{"line":43,"column":8},"end":{"line":45,"column":9}},"10":{"start":{"line":44,"column":12},"end":{"line":44,"column":67}},"11":{"start":{"line":49,"column":4},"end":{"line":55,"column":5}},"12":{"start":{"line":50,"column":8},"end":{"line":54,"column":9}},"13":{"start":{"line":51,"column":12},"end":{"line":51,"column":57}},"14":{"start":{"line":53,"column":12},"end":{"line":53,"column":108}},"15":{"start":{"line":58,"column":4},"end":{"line":64,"column":5}},"16":{"start":{"line":59,"column":8},"end":{"line":63,"column":9}},"17":{"start":{"line":60,"column":12},"end":{"line":60,"column":56}},"18":{"start":{"line":62,"column":12},"end":{"line":62,"column":128}},"19":{"start":{"line":67,"column":4},"end":{"line":76,"column":5}},"20":{"start":{"line":68,"column":8},"end":{"line":73,"column":9}},"21":{"start":{"line":69,"column":12},"end":{"line":69,"column":47}},"22":{"start":{"line":71,"column":12},"end":{"line":71,"column":85}},"23":{"start":{"line":72,"column":12},"end":{"line":72,"column":50}},"24":{"start":{"line":75,"column":8},"end":{"line":75,"column":46}},"25":{"start":{"line":79,"column":4},"end":{"line":92,"column":5}},"26":{"start":{"line":80,"column":8},"end":{"line":89,"column":9}},"27":{"start":{"line":81,"column":12},"end":{"line":85,"column":36}},"28":{"start":{"line":82,"column":31},"end":{"line":82,"column":54}},"29":{"start":{"line":83,"column":28},"end":{"line":83,"column":99}},"30":{"start":{"line":84,"column":31},"end":{"line":84,"column":45}},"31":{"start":{"line":87,"column":12},"end":{"line":87,"column":49}},"32":{"start":{"line":88,"column":12},"end":{"line":88,"column":32}},"33":{"start":{"line":91,"column":8},"end":{"line":91,"column":28}},"34":{"start":{"line":95,"column":4},"end":{"line":106,"column":5}},"35":{"start":{"line":96,"column":8},"end":{"line":103,"column":9}},"36":{"start":{"line":97,"column":12},"end":{"line":99,"column":38}},"37":{"start":{"line":98,"column":31},"end":{"line":98,"column":54}},"38":{"start":{"line":101,"column":12},"end":{"line":101,"column":51}},"39":{"start":{"line":102,"column":12},"end":{"line":102,"column":34}},"40":{"start":{"line":105,"column":8},"end":{"line":105,"column":58}},"41":{"start":{"line":109,"column":4},"end":{"line":117,"column":5}},"42":{"start":{"line":110,"column":8},"end":{"line":114,"column":9}},"43":{"start":{"line":111,"column":12},"end":{"line":111,"column":59}},"44":{"start":{"line":113,"column":12},"end":{"line":113,"column":76}},"45":{"start":{"line":116,"column":8},"end":{"line":116,"column":72}},"46":{"start":{"line":120,"column":4},"end":{"line":139,"column":5}},"47":{"start":{"line":121,"column":8},"end":{"line":138,"column":9}},"48":{"start":{"line":123,"column":12},"end":{"line":131,"column":13}},"49":{"start":{"line":124,"column":16},"end":{"line":124,"column":69}},"50":{"start":{"line":125,"column":16},"end":{"line":128,"column":18}},"51":{"start":{"line":130,"column":16},"end":{"line":130,"column":77}},"52":{"start":{"line":133,"column":12},"end":{"line":133,"column":51}},"53":{"start":{"line":134,"column":12},"end":{"line":137,"column":14}},"54":{"start":{"line":141,"column":4},"end":{"line":145,"column":6}},"55":{"start":{"line":155,"column":4},"end":{"line":161,"column":5}},"56":{"start":{"line":156,"column":8},"end":{"line":160,"column":10}},"57":{"start":{"line":163,"column":19},"end":{"line":163,"column":21}},"58":{"start":{"line":164,"column":22},"end":{"line":164,"column":24}},"59":{"start":{"line":167,"column":4},"end":{"line":174,"column":5}},"60":{"start":{"line":168,"column":8},"end":{"line":168,"column":49}},"61":{"start":{"line":170,"column":8},"end":{"line":170,"column":70}},"62":{"start":{"line":171,"column":8},"end":{"line":173,"column":9}},"63":{"start":{"line":172,"column":12},"end":{"line":172,"column":57}},"64":{"start":{"line":177,"column":4},"end":{"line":191,"column":5}},"65":{"start":{"line":178,"column":8},"end":{"line":178,"column":42}},"66":{"start":{"line":179,"column":8},"end":{"line":179,"column":30}},"67":{"start":{"line":180,"column":11},"end":{"line":191,"column":5}},"68":{"start":{"line":181,"column":8},"end":{"line":181,"column":47}},"69":{"start":{"line":182,"column":8},"end":{"line":182,"column":30}},"70":{"start":{"line":185,"column":8},"end":{"line":190,"column":9}},"71":{"start":{"line":186,"column":12},"end":{"line":186,"column":65}},"72":{"start":{"line":187,"column":12},"end":{"line":187,"column":34}},"73":{"start":{"line":189,"column":12},"end":{"line":189,"column":73}},"74":{"start":{"line":193,"column":4},"end":{"line":197,"column":6}},"75":{"start":{"line":200,"column":0},"end":{"line":203,"column":2}}},"fnMap":{"0":{"name":"validateChatbotProfile","decl":{"start":{"line":25,"column":9},"end":{"line":25,"column":31}},"loc":{"start":{"line":25,"column":38},"end":{"line":146,"column":1}},"line":25},"1":{"name":"(anonymous_1)","decl":{"start":{"line":82,"column":24},"end":{"line":82,"column":25}},"loc":{"start":{"line":82,"column":31},"end":{"line":82,"column":54}},"line":82},"2":{"name":"(anonymous_2)","decl":{"start":{"line":83,"column":21},"end":{"line":83,"column":22}},"loc":{"start":{"line":83,"column":28},"end":{"line":83,"column":99}},"line":83},"3":{"name":"(anonymous_3)","decl":{"start":{"line":84,"column":24},"end":{"line":84,"column":25}},"loc":{"start":{"line":84,"column":31},"end":{"line":84,"column":45}},"line":84},"4":{"name":"(anonymous_4)","decl":{"start":{"line":98,"column":24},"end":{"line":98,"column":25}},"loc":{"start":{"line":98,"column":31},"end":{"line":98,"column":54}},"line":98},"5":{"name":"validateTemplate","decl":{"start":{"line":153,"column":9},"end":{"line":153,"column":25}},"loc":{"start":{"line":153,"column":32},"end":{"line":198,"column":1}},"line":153}},"branchMap":{"0":{"loc":{"start":{"line":27,"column":4},"end":{"line":33,"column":5}},"type":"if","locations":[{"start":{"line":27,"column":4},"end":{"line":33,"column":5}},{"start":{},"end":{}}],"line":27},"1":{"loc":{"start":{"line":27,"column":8},"end":{"line":27,"column":41}},"type":"binary-expr","locations":[{"start":{"line":27,"column":8},"end":{"line":27,"column":13}},{"start":{"line":27,"column":17},"end":{"line":27,"column":41}}],"line":27},"2":{"loc":{"start":{"line":39,"column":4},"end":{"line":46,"column":5}},"type":"if","locations":[{"start":{"line":39,"column":4},"end":{"line":46,"column":5}},{"start":{"line":41,"column":11},"end":{"line":46,"column":5}}],"line":39},"3":{"loc":{"start":{"line":39,"column":8},"end":{"line":39,"column":84}},"type":"binary-expr","locations":[{"start":{"line":39,"column":8},"end":{"line":39,"column":18}},{"start":{"line":39,"column":22},"end":{"line":39,"column":51}},{"start":{"line":39,"column":55},"end":{"line":39,"column":84}}],"line":39},"4":{"loc":{"start":{"line":43,"column":8},"end":{"line":45,"column":9}},"type":"if","locations":[{"start":{"line":43,"column":8},"end":{"line":45,"column":9}},{"start":{},"end":{}}],"line":43},"5":{"loc":{"start":{"line":49,"column":4},"end":{"line":55,"column":5}},"type":"if","locations":[{"start":{"line":49,"column":4},"end":{"line":55,"column":5}},{"start":{},"end":{}}],"line":49},"6":{"loc":{"start":{"line":50,"column":8},"end":{"line":54,"column":9}},"type":"if","locations":[{"start":{"line":50,"column":8},"end":{"line":54,"column":9}},{"start":{"line":52,"column":15},"end":{"line":54,"column":9}}],"line":50},"7":{"loc":{"start":{"line":58,"column":4},"end":{"line":64,"column":5}},"type":"if","locations":[{"start":{"line":58,"column":4},"end":{"line":64,"column":5}},{"start":{},"end":{}}],"line":58},"8":{"loc":{"start":{"line":59,"column":8},"end":{"line":63,"column":9}},"type":"if","locations":[{"start":{"line":59,"column":8},"end":{"line":63,"column":9}},{"start":{"line":61,"column":15},"end":{"line":63,"column":9}}],"line":59},"9":{"loc":{"start":{"line":67,"column":4},"end":{"line":76,"column":5}},"type":"if","locations":[{"start":{"line":67,"column":4},"end":{"line":76,"column":5}},{"start":{"line":74,"column":11},"end":{"line":76,"column":5}}],"line":67},"10":{"loc":{"start":{"line":68,"column":8},"end":{"line":73,"column":9}},"type":"if","locations":[{"start":{"line":68,"column":8},"end":{"line":73,"column":9}},{"start":{"line":70,"column":15},"end":{"line":73,"column":9}}],"line":68},"11":{"loc":{"start":{"line":79,"column":4},"end":{"line":92,"column":5}},"type":"if","locations":[{"start":{"line":79,"column":4},"end":{"line":92,"column":5}},{"start":{"line":90,"column":11},"end":{"line":92,"column":5}}],"line":79},"12":{"loc":{"start":{"line":80,"column":8},"end":{"line":89,"column":9}},"type":"if","locations":[{"start":{"line":80,"column":8},"end":{"line":89,"column":9}},{"start":{"line":86,"column":15},"end":{"line":89,"column":9}}],"line":80},"13":{"loc":{"start":{"line":95,"column":4},"end":{"line":106,"column":5}},"type":"if","locations":[{"start":{"line":95,"column":4},"end":{"line":106,"column":5}},{"start":{"line":104,"column":11},"end":{"line":106,"column":5}}],"line":95},"14":{"loc":{"start":{"line":96,"column":8},"end":{"line":103,"column":9}},"type":"if","locations":[{"start":{"line":96,"column":8},"end":{"line":103,"column":9}},{"start":{"line":100,"column":15},"end":{"line":103,"column":9}}],"line":96},"15":{"loc":{"start":{"line":105,"column":27},"end":{"line":105,"column":57}},"type":"cond-expr","locations":[{"start":{"line":105,"column":40},"end":{"line":105,"column":52}},{"start":{"line":105,"column":55},"end":{"line":105,"column":57}}],"line":105},"16":{"loc":{"start":{"line":109,"column":4},"end":{"line":117,"column":5}},"type":"if","locations":[{"start":{"line":109,"column":4},"end":{"line":117,"column":5}},{"start":{"line":115,"column":11},"end":{"line":117,"column":5}}],"line":109},"17":{"loc":{"start":{"line":110,"column":8},"end":{"line":114,"column":9}},"type":"if","locations":[{"start":{"line":110,"column":8},"end":{"line":114,"column":9}},{"start":{"line":112,"column":15},"end":{"line":114,"column":9}}],"line":110},"18":{"loc":{"start":{"line":110,"column":12},"end":{"line":110,"column":86}},"type":"binary-expr","locations":[{"start":{"line":110,"column":12},"end":{"line":110,"column":37}},{"start":{"line":110,"column":41},"end":{"line":110,"column":86}}],"line":110},"19":{"loc":{"start":{"line":113,"column":39},"end":{"line":113,"column":75}},"type":"cond-expr","locations":[{"start":{"line":113,"column":69},"end":{"line":113,"column":70}},{"start":{"line":113,"column":73},"end":{"line":113,"column":75}}],"line":113},"20":{"loc":{"start":{"line":116,"column":35},"end":{"line":116,"column":71}},"type":"cond-expr","locations":[{"start":{"line":116,"column":65},"end":{"line":116,"column":66}},{"start":{"line":116,"column":69},"end":{"line":116,"column":71}}],"line":116},"21":{"loc":{"start":{"line":120,"column":4},"end":{"line":139,"column":5}},"type":"if","locations":[{"start":{"line":120,"column":4},"end":{"line":139,"column":5}},{"start":{},"end":{}}],"line":120},"22":{"loc":{"start":{"line":121,"column":8},"end":{"line":138,"column":9}},"type":"if","locations":[{"start":{"line":121,"column":8},"end":{"line":138,"column":9}},{"start":{"line":132,"column":15},"end":{"line":138,"column":9}}],"line":121},"23":{"loc":{"start":{"line":123,"column":12},"end":{"line":131,"column":13}},"type":"if","locations":[{"start":{"line":123,"column":12},"end":{"line":131,"column":13}},{"start":{"line":129,"column":19},"end":{"line":131,"column":13}}],"line":123},"24":{"loc":{"start":{"line":155,"column":4},"end":{"line":161,"column":5}},"type":"if","locations":[{"start":{"line":155,"column":4},"end":{"line":161,"column":5}},{"start":{},"end":{}}],"line":155},"25":{"loc":{"start":{"line":155,"column":8},"end":{"line":155,"column":41}},"type":"binary-expr","locations":[{"start":{"line":155,"column":8},"end":{"line":155,"column":13}},{"start":{"line":155,"column":17},"end":{"line":155,"column":41}}],"line":155},"26":{"loc":{"start":{"line":167,"column":4},"end":{"line":174,"column":5}},"type":"if","locations":[{"start":{"line":167,"column":4},"end":{"line":174,"column":5}},{"start":{"line":169,"column":11},"end":{"line":174,"column":5}}],"line":167},"27":{"loc":{"start":{"line":167,"column":8},"end":{"line":167,"column":51}},"type":"binary-expr","locations":[{"start":{"line":167,"column":8},"end":{"line":167,"column":18}},{"start":{"line":167,"column":22},"end":{"line":167,"column":51}}],"line":167},"28":{"loc":{"start":{"line":171,"column":8},"end":{"line":173,"column":9}},"type":"if","locations":[{"start":{"line":171,"column":8},"end":{"line":173,"column":9}},{"start":{},"end":{}}],"line":171},"29":{"loc":{"start":{"line":177,"column":4},"end":{"line":191,"column":5}},"type":"if","locations":[{"start":{"line":177,"column":4},"end":{"line":191,"column":5}},{"start":{"line":180,"column":11},"end":{"line":191,"column":5}}],"line":177},"30":{"loc":{"start":{"line":180,"column":11},"end":{"line":191,"column":5}},"type":"if","locations":[{"start":{"line":180,"column":11},"end":{"line":191,"column":5}},{"start":{"line":183,"column":11},"end":{"line":191,"column":5}}],"line":180},"31":{"loc":{"start":{"line":185,"column":8},"end":{"line":190,"column":9}},"type":"if","locations":[{"start":{"line":185,"column":8},"end":{"line":190,"column":9}},{"start":{"line":188,"column":15},"end":{"line":190,"column":9}}],"line":185}},"s":{"0":2,"1":2,"2":10,"3":2,"4":8,"5":8,"6":8,"7":2,"8":6,"9":6,"10":0,"11":8,"12":8,"13":0,"14":8,"15":8,"16":6,"17":0,"18":6,"19":8,"20":6,"21":6,"22":0,"23":0,"24":2,"25":8,"26":6,"27":6,"28":37,"29":37,"30":37,"31":0,"32":0,"33":2,"34":8,"35":2,"36":2,"37":0,"38":0,"39":0,"40":6,"41":8,"42":2,"43":2,"44":0,"45":6,"46":8,"47":0,"48":0,"49":0,"50":0,"51":0,"52":0,"53":0,"54":8,"55":7,"56":2,"57":5,"58":5,"59":5,"60":1,"61":4,"62":4,"63":0,"64":5,"65":1,"66":1,"67":4,"68":1,"69":1,"70":3,"71":0,"72":0,"73":3,"74":5,"75":2},"f":{"0":10,"1":37,"2":37,"3":37,"4":0,"5":7},"b":{"0":[2,8],"1":[10,8],"2":[2,6],"3":[8,6,6],"4":[0,6],"5":[8,0],"6":[0,8],"7":[6,2],"8":[0,6],"9":[6,2],"10":[6,0],"11":[6,2],"12":[6,0],"13":[2,6],"14":[2,0],"15":[0,6],"16":[2,6],"17":[2,0],"18":[2,2],"19":[0,0],"20":[0,6],"21":[0,8],"22":[0,0],"23":[0,0],"24":[2,5],"25":[7,5],"26":[1,4],"27":[5,4],"28":[0,4],"29":[1,4],"30":[1,3],"31":[0,3]},"_coverageSchema":"1a1c01bbd47fc00a2c39e90264f33305004495a9","hash":"3d2198fe2df9094e61a2aaa09e98333ac81a1d88"}
}
