TN:
SF:src\core\asset-manager.js
FN:8,(anonymous_0)
FN:14,(anonymous_1)
FN:27,(anonymous_2)
FNF:3
FNH:0
FNDA:0,(anonymous_0)
FNDA:0,(anonymous_1)
FNDA:0,(anonymous_2)
DA:1,0
DA:2,0
DA:3,0
DA:4,0
DA:5,0
DA:9,0
DA:11,0
DA:15,0
DA:16,0
DA:28,0
DA:29,0
DA:32,0
DA:33,0
DA:35,0
DA:38,0
DA:39,0
DA:40,0
DA:42,0
DA:47,0
DA:49,0
DA:50,0
DA:56,0
LF:22
LH:0
BRF:0
BRH:0
end_of_record
TN:
SF:src\core\cache.js
FN:12,(anonymous_0)
FN:23,(anonymous_1)
FN:43,(anonymous_2)
FN:60,(anonymous_3)
FN:67,(anonymous_4)
FN:75,(anonymous_5)
FN:87,(anonymous_6)
FN:108,(anonymous_7)
FNF:8
FNH:0
FNDA:0,(anonymous_0)
FNDA:0,(anonymous_1)
FNDA:0,(anonymous_2)
FNDA:0,(anonymous_3)
FNDA:0,(anonymous_4)
FNDA:0,(anonymous_5)
FNDA:0,(anonymous_6)
FNDA:0,(anonymous_7)
DA:13,0
DA:14,0
DA:15,0
DA:24,0
DA:25,0
DA:26,0
DA:30,0
DA:31,0
DA:32,0
DA:35,0
DA:45,0
DA:46,0
DA:47,0
DA:50,0
DA:61,0
DA:68,0
DA:76,0
DA:88,0
DA:89,0
DA:91,0
DA:92,0
DA:93,0
DA:94,0
DA:98,0
DA:103,0
DA:104,0
DA:107,0
DA:108,0
DA:109,0
DA:110,0
DA:114,0
LF:31
LH:0
BRDA:12,0,0,0
BRDA:12,1,0,0
BRDA:25,2,0,0
BRDA:25,2,1,0
BRDA:30,3,0,0
BRDA:30,3,1,0
BRDA:45,4,0,0
BRDA:45,4,1,0
BRDA:92,5,0,0
BRDA:92,5,1,0
BRDA:107,6,0,0
BRDA:107,6,1,0
BRF:12
BRH:0
end_of_record
TN:
SF:src\core\chatbot-manager.js
FN:12,(anonymous_0)
FN:23,(anonymous_1)
FN:38,(anonymous_2)
FN:57,(anonymous_3)
FN:112,(anonymous_4)
FN:153,(anonymous_5)
FN:174,(anonymous_6)
FN:227,(anonymous_7)
FN:230,(anonymous_8)
FN:234,(anonymous_9)
FN:242,(anonymous_10)
FN:243,(anonymous_11)
FN:257,(anonymous_12)
FN:279,(anonymous_13)
FN:289,(anonymous_14)
FN:293,(anonymous_15)
FNF:16
FNH:0
FNDA:0,(anonymous_0)
FNDA:0,(anonymous_1)
FNDA:0,(anonymous_2)
FNDA:0,(anonymous_3)
FNDA:0,(anonymous_4)
FNDA:0,(anonymous_5)
FNDA:0,(anonymous_6)
FNDA:0,(anonymous_7)
FNDA:0,(anonymous_8)
FNDA:0,(anonymous_9)
FNDA:0,(anonymous_10)
FNDA:0,(anonymous_11)
FNDA:0,(anonymous_12)
FNDA:0,(anonymous_13)
FNDA:0,(anonymous_14)
FNDA:0,(anonymous_15)
DA:1,0
DA:2,0
DA:3,0
DA:4,0
DA:5,0
DA:6,0
DA:7,0
DA:8,0
DA:9,0
DA:13,0
DA:24,0
DA:25,0
DA:26,0
DA:28,0
DA:39,0
DA:40,0
DA:43,0
DA:44,0
DA:45,0
DA:48,0
DA:59,0
DA:60,0
DA:61,0
DA:64,0
DA:65,0
DA:66,0
DA:68,0
DA:99,0
DA:101,0
DA:102,0
DA:114,0
DA:116,0
DA:117,0
DA:120,0
DA:122,0
DA:123,0
DA:124,0
DA:125,0
DA:127,0
DA:130,0
DA:141,0
DA:143,0
DA:144,0
DA:154,0
DA:155,0
DA:156,0
DA:158,0
DA:159,0
DA:161,0
DA:162,0
DA:164,0
DA:175,0
DA:177,0
DA:178,0
DA:179,0
DA:183,0
DA:186,0
DA:187,0
DA:188,0
DA:190,0
DA:192,0
DA:193,0
DA:194,0
DA:196,0
DA:198,0
DA:201,0
DA:202,0
DA:203,0
DA:205,0
DA:206,0
DA:208,0
DA:209,0
DA:211,0
DA:215,0
DA:216,0
DA:218,0
DA:219,0
DA:228,0
DA:229,0
DA:230,0
DA:233,0
DA:235,0
DA:237,0
DA:241,0
DA:242,0
DA:243,0
DA:245,0
DA:246,0
DA:258,0
DA:260,0
DA:261,0
DA:264,0
DA:265,0
DA:267,0
DA:268,0
DA:280,0
DA:281,0
DA:282,0
DA:283,0
DA:290,0
DA:291,0
DA:293,0
DA:294,0
DA:297,0
DA:298,0
DA:302,0
DA:310,0
LF:107
LH:0
BRDA:25,0,0,0
BRDA:25,0,1,0
BRDA:44,1,0,0
BRDA:44,1,1,0
BRDA:60,2,0,0
BRDA:60,2,1,0
BRDA:78,3,0,0
BRDA:78,3,1,0
BRDA:79,4,0,0
BRDA:79,4,1,0
BRDA:82,5,0,0
BRDA:82,5,1,0
BRDA:83,6,0,0
BRDA:83,6,1,0
BRDA:93,7,0,0
BRDA:93,7,1,0
BRDA:117,8,0,0
BRDA:117,8,1,0
BRDA:120,9,0,0
BRDA:120,9,1,0
BRDA:124,10,0,0
BRDA:124,10,1,0
BRDA:133,11,0,0
BRDA:133,11,1,0
BRDA:137,12,0,0
BRDA:137,12,1,0
BRDA:161,13,0,0
BRDA:161,13,1,0
BRDA:174,14,0,0
BRDA:178,15,0,0
BRDA:178,15,1,0
BRDA:183,16,0,0
BRDA:183,16,1,0
BRDA:187,17,0,0
BRDA:187,17,1,0
BRDA:187,18,0,0
BRDA:187,18,1,0
BRDA:193,19,0,0
BRDA:193,19,1,0
BRDA:208,20,0,0
BRDA:208,20,1,0
BRDA:215,21,0,0
BRDA:215,21,1,0
BRDA:215,22,0,0
BRDA:215,22,1,0
BRDA:215,22,2,0
BRDA:260,23,0,0
BRDA:260,23,1,0
BRDA:282,24,0,0
BRDA:282,24,1,0
BRDA:294,25,0,0
BRDA:294,25,1,0
BRDA:294,26,0,0
BRDA:294,26,1,0
BRDA:298,27,0,0
BRDA:298,27,1,0
BRF:56
BRH:0
end_of_record
TN:
SF:src\core\constants.js
FNF:0
FNH:0
DA:10,9
DA:21,9
DA:27,9
DA:33,9
DA:39,9
DA:45,9
DA:51,9
DA:57,9
DA:63,9
DA:69,9
DA:75,9
DA:83,9
DA:93,9
DA:102,9
LF:14
LH:14
BRF:0
BRH:0
end_of_record
TN:
SF:src\core\container.js
FN:8,(anonymous_0)
FN:20,(anonymous_1)
FN:27,(anonymous_2)
FN:38,(anonymous_3)
FN:64,(anonymous_4)
FN:72,(anonymous_5)
FNF:6
FNH:0
FNDA:0,(anonymous_0)
FNDA:0,(anonymous_1)
FNDA:0,(anonymous_2)
FNDA:0,(anonymous_3)
FNDA:0,(anonymous_4)
FNDA:0,(anonymous_5)
DA:9,0
DA:10,0
DA:21,0
DA:23,0
DA:24,0
DA:27,0
DA:28,0
DA:40,0
DA:41,0
DA:44,0
DA:45,0
DA:46,0
DA:49,0
DA:52,0
DA:53,0
DA:56,0
DA:65,0
DA:73,0
DA:74,0
DA:79,0
DA:81,0
LF:21
LH:0
BRDA:20,0,0,0
BRDA:21,1,0,0
BRDA:23,2,0,0
BRDA:23,2,1,0
BRDA:40,3,0,0
BRDA:40,3,1,0
BRDA:45,4,0,0
BRDA:45,4,1,0
BRDA:52,5,0,0
BRDA:52,5,1,0
BRF:10
BRH:0
end_of_record
TN:
SF:src\core\export-import.js
FN:17,copyDirectory
FN:47,exportBotWaffleData
FN:120,importBotWaffleData
FN:139,(anonymous_3)
FN:190,verifyBotWaffleBackup
FN:234,(anonymous_5)
FNF:6
FNH:0
FNDA:0,copyDirectory
FNDA:0,exportBotWaffleData
FNDA:0,importBotWaffleData
FNDA:0,(anonymous_3)
FNDA:0,verifyBotWaffleBackup
FNDA:0,(anonymous_5)
DA:6,0
DA:7,0
DA:8,0
DA:9,0
DA:10,0
DA:11,0
DA:12,0
DA:18,0
DA:19,0
DA:20,0
DA:23,0
DA:25,0
DA:26,0
DA:27,0
DA:29,0
DA:30,0
DA:32,0
DA:36,0
DA:38,0
DA:39,0
DA:48,0
DA:49,0
DA:50,0
DA:51,0
DA:52,0
DA:55,0
DA:57,0
DA:58,0
DA:59,0
DA:60,0
DA:61,0
DA:62,0
DA:65,0
DA:70,0
DA:78,0
DA:79,0
DA:80,0
DA:81,0
DA:82,0
DA:88,0
DA:91,0
DA:97,0
DA:98,0
DA:102,0
DA:103,0
DA:105,0
DA:111,0
DA:112,0
DA:121,0
DA:123,0
DA:129,0
DA:130,0
DA:133,0
DA:134,0
DA:135,0
DA:138,0
DA:139,0
DA:140,0
DA:141,0
DA:142,0
DA:143,0
DA:145,0
DA:150,0
DA:151,0
DA:152,0
DA:153,0
DA:154,0
DA:155,0
DA:156,0
DA:157,0
DA:158,0
DA:159,0
DA:162,0
DA:165,0
DA:167,0
DA:171,0
DA:173,0
DA:175,0
DA:180,0
DA:181,0
DA:191,0
DA:192,0
DA:193,0
DA:195,0
DA:196,0
DA:197,0
DA:205,0
DA:206,0
DA:208,0
DA:209,0
DA:210,0
DA:211,0
DA:215,0
DA:216,0
DA:217,0
DA:218,0
DA:219,0
DA:220,0
DA:221,0
DA:222,0
DA:227,0
DA:228,0
DA:229,0
DA:234,0
DA:235,0
DA:236,0
DA:238,0
DA:239,0
DA:240,0
DA:241,0
DA:244,0
DA:248,0
DA:255,0
DA:256,0
DA:265,0
LF:115
LH:0
BRDA:19,0,0,0
BRDA:19,0,1,0
BRDA:29,1,0,0
BRDA:29,1,1,0
BRDA:97,2,0,0
BRDA:97,2,1,0
BRDA:112,3,0,0
BRDA:112,3,1,0
BRDA:129,4,0,0
BRDA:129,4,1,0
BRDA:129,5,0,0
BRDA:129,5,1,0
BRDA:129,5,2,0
BRDA:140,6,0,0
BRDA:140,6,1,0
BRDA:181,7,0,0
BRDA:181,7,1,0
BRDA:210,8,0,0
BRDA:210,8,1,0
BRDA:210,9,0,0
BRDA:210,9,1,0
BRDA:215,10,0,0
BRDA:215,10,1,0
BRDA:215,11,0,0
BRDA:215,11,1,0
BRDA:217,12,0,0
BRDA:217,12,1,0
BRDA:217,13,0,0
BRDA:217,13,1,0
BRDA:219,14,0,0
BRDA:219,14,1,0
BRDA:219,15,0,0
BRDA:219,15,1,0
BRDA:221,16,0,0
BRDA:221,16,1,0
BRDA:228,17,0,0
BRDA:228,17,1,0
BRDA:235,18,0,0
BRDA:235,18,1,0
BRDA:240,19,0,0
BRDA:240,19,1,0
BRDA:240,20,0,0
BRDA:240,20,1,0
BRDA:258,21,0,0
BRDA:258,21,1,0
BRF:45
BRH:0
end_of_record
TN:
SF:src\core\prompt-waffle-handler.js
FN:8,getSafePath
FN:16,buildSidebarTree
FN:105,registerPromptWaffleHandlers
FN:112,(anonymous_3)
FN:132,(anonymous_4)
FN:136,(anonymous_5)
FN:149,(anonymous_6)
FN:161,(anonymous_7)
FN:170,(anonymous_8)
FN:183,(anonymous_9)
FN:198,(anonymous_10)
FN:200,(anonymous_11)
FN:208,(anonymous_12)
FN:222,(anonymous_13)
FN:234,(anonymous_14)
FN:237,(anonymous_15)
FN:245,(anonymous_16)
FN:248,(anonymous_17)
FN:262,(anonymous_18)
FN:281,(anonymous_19)
FN:291,(anonymous_20)
FN:309,(anonymous_21)
FN:333,(anonymous_22)
FN:354,(anonymous_23)
FN:370,(anonymous_24)
FN:383,(anonymous_25)
FN:387,(anonymous_26)
FN:391,(anonymous_27)
FNF:28
FNH:0
FNDA:0,getSafePath
FNDA:0,buildSidebarTree
FNDA:0,registerPromptWaffleHandlers
FNDA:0,(anonymous_3)
FNDA:0,(anonymous_4)
FNDA:0,(anonymous_5)
FNDA:0,(anonymous_6)
FNDA:0,(anonymous_7)
FNDA:0,(anonymous_8)
FNDA:0,(anonymous_9)
FNDA:0,(anonymous_10)
FNDA:0,(anonymous_11)
FNDA:0,(anonymous_12)
FNDA:0,(anonymous_13)
FNDA:0,(anonymous_14)
FNDA:0,(anonymous_15)
FNDA:0,(anonymous_16)
FNDA:0,(anonymous_17)
FNDA:0,(anonymous_18)
FNDA:0,(anonymous_19)
FNDA:0,(anonymous_20)
FNDA:0,(anonymous_21)
FNDA:0,(anonymous_22)
FNDA:0,(anonymous_23)
FNDA:0,(anonymous_24)
FNDA:0,(anonymous_25)
FNDA:0,(anonymous_26)
FNDA:0,(anonymous_27)
DA:1,0
DA:2,0
DA:3,0
DA:6,0
DA:9,0
DA:10,0
DA:11,0
DA:13,0
DA:17,0
DA:18,0
DA:19,0
DA:21,0
DA:22,0
DA:23,0
DA:25,0
DA:26,0
DA:28,0
DA:29,0
DA:35,0
DA:36,0
DA:37,0
DA:38,0
DA:39,0
DA:46,0
DA:47,0
DA:50,0
DA:52,0
DA:53,0
DA:54,0
DA:55,0
DA:64,0
DA:71,0
DA:78,0
DA:86,0
DA:87,0
DA:93,0
DA:96,0
DA:97,0
DA:101,0
DA:106,0
DA:107,0
DA:112,0
DA:113,0
DA:114,0
DA:115,0
DA:116,0
DA:118,0
DA:119,0
DA:120,0
DA:122,0
DA:123,0
DA:125,0
DA:126,0
DA:128,0
DA:132,0
DA:133,0
DA:134,0
DA:135,0
DA:136,0
DA:142,0
DA:143,0
DA:145,0
DA:149,0
DA:150,0
DA:151,0
DA:152,0
DA:154,0
DA:155,0
DA:157,0
DA:161,0
DA:162,0
DA:163,0
DA:164,0
DA:166,0
DA:170,0
DA:171,0
DA:172,0
DA:173,0
DA:179,0
DA:183,0
DA:184,0
DA:185,0
DA:186,0
DA:188,0
DA:189,0
DA:191,0
DA:198,0
DA:200,0
DA:201,0
DA:202,0
DA:204,0
DA:208,0
DA:209,0
DA:210,0
DA:211,0
DA:212,0
DA:213,0
DA:215,0
DA:216,0
DA:218,0
DA:222,0
DA:223,0
DA:224,0
DA:225,0
DA:227,0
DA:228,0
DA:230,0
DA:234,0
DA:235,0
DA:236,0
DA:237,0
DA:241,0
DA:245,0
DA:248,0
DA:249,0
DA:250,0
DA:251,0
DA:253,0
DA:255,0
DA:256,0
DA:258,0
DA:262,0
DA:263,0
DA:265,0
DA:266,0
DA:267,0
DA:269,0
DA:270,0
DA:271,0
DA:274,0
DA:275,0
DA:277,0
DA:281,0
DA:282,0
DA:283,0
DA:284,0
DA:285,0
DA:287,0
DA:291,0
DA:292,0
DA:294,0
DA:295,0
DA:296,0
DA:297,0
DA:298,0
DA:299,0
DA:300,0
DA:302,0
DA:303,0
DA:305,0
DA:309,0
DA:310,0
DA:311,0
DA:312,0
DA:314,0
DA:315,0
DA:316,0
DA:317,0
DA:318,0
DA:323,0
DA:325,0
DA:326,0
DA:328,0
DA:333,0
DA:334,0
DA:335,0
DA:336,0
DA:345,0
DA:347,0
DA:348,0
DA:350,0
DA:354,0
DA:355,0
DA:356,0
DA:357,0
DA:360,0
DA:362,0
DA:363,0
DA:365,0
DA:370,0
DA:371,0
DA:374,0
DA:376,0
DA:377,0
DA:379,0
DA:383,0
DA:384,0
DA:387,0
DA:388,0
DA:391,0
DA:392,0
DA:396,0
LF:192
LH:0
BRDA:10,0,0,0
BRDA:10,0,1,0
BRDA:16,1,0,0
BRDA:25,2,0,0
BRDA:25,2,1,0
BRDA:26,3,0,0
BRDA:26,3,1,0
BRDA:35,4,0,0
BRDA:35,4,1,0
BRDA:36,5,0,0
BRDA:36,5,1,0
BRDA:50,6,0,0
BRDA:50,6,1,0
BRDA:55,7,0,0
BRDA:55,7,1,0
BRDA:56,8,0,0
BRDA:56,8,1,0
BRDA:56,8,2,0
BRDA:56,8,3,0
BRDA:56,8,4,0
BRDA:56,8,5,0
BRDA:69,9,0,0
BRDA:69,9,1,0
BRDA:71,10,0,0
BRDA:71,10,1,0
BRDA:72,11,0,0
BRDA:72,11,1,0
BRDA:72,11,2,0
BRDA:72,11,3,0
BRDA:265,12,0,0
BRDA:265,12,1,0
BRDA:317,13,0,0
BRDA:317,13,1,0
BRDA:335,14,0,0
BRDA:335,14,1,0
BRDA:356,15,0,0
BRDA:356,15,1,0
BRF:37
BRH:0
end_of_record
TN:
SF:src\core\services.js
FN:15,initializeServices
FN:17,(anonymous_1)
FN:18,(anonymous_2)
FN:19,(anonymous_3)
FN:27,getService
FNF:5
FNH:0
FNDA:0,initializeServices
FNDA:0,(anonymous_1)
FNDA:0,(anonymous_2)
FNDA:0,(anonymous_3)
FNDA:0,getService
DA:6,0
DA:7,0
DA:8,0
DA:9,0
DA:17,0
DA:18,0
DA:19,0
DA:28,0
DA:31,0
LF:9
LH:0
BRF:0
BRH:0
end_of_record
TN:
SF:src\core\storage.js
FN:14,getDataDir
FN:33,initializeStorage
FN:44,(anonymous_2)
FN:64,getDataPath
FNF:4
FNH:4
FNDA:23,getDataDir
FNDA:6,initializeStorage
FNDA:36,(anonymous_2)
FNDA:18,getDataPath
DA:1,7
DA:2,7
DA:3,7
DA:4,7
DA:8,7
DA:15,23
DA:16,5
DA:17,5
DA:18,5
DA:21,0
DA:24,23
DA:28,7
DA:34,6
DA:36,6
DA:39,6
DA:40,5
DA:44,6
DA:45,36
DA:46,36
DA:47,30
DA:51,6
DA:52,6
DA:54,0
DA:55,0
DA:65,18
DA:66,1
DA:68,17
DA:71,7
LF:28
LH:25
BRDA:15,0,0,5
BRDA:15,0,1,18
BRDA:39,1,0,5
BRDA:39,1,1,1
BRDA:46,2,0,30
BRDA:46,2,1,6
BRDA:65,3,0,1
BRDA:65,3,1,17
BRF:8
BRH:8
end_of_record
TN:
SF:src\core\template-manager.js
FN:10,(anonymous_0)
FN:16,(anonymous_1)
FN:24,(anonymous_2)
FN:64,(anonymous_3)
FN:68,(anonymous_4)
FN:72,(anonymous_5)
FN:93,(anonymous_6)
FN:103,(anonymous_7)
FNF:8
FNH:0
FNDA:0,(anonymous_0)
FNDA:0,(anonymous_1)
FNDA:0,(anonymous_2)
FNDA:0,(anonymous_3)
FNDA:0,(anonymous_4)
FNDA:0,(anonymous_5)
FNDA:0,(anonymous_6)
FNDA:0,(anonymous_7)
DA:1,0
DA:2,0
DA:3,0
DA:4,0
DA:5,0
DA:6,0
DA:7,0
DA:11,0
DA:13,0
DA:17,0
DA:18,0
DA:25,0
DA:27,0
DA:28,0
DA:29,0
DA:32,0
DA:35,0
DA:36,0
DA:37,0
DA:39,0
DA:47,0
DA:48,0
DA:49,0
DA:50,0
DA:53,0
DA:54,0
DA:56,0
DA:57,0
DA:59,0
DA:60,0
DA:65,0
DA:66,0
DA:67,0
DA:68,0
DA:71,0
DA:73,0
DA:74,0
DA:76,0
DA:77,0
DA:78,0
DA:81,0
DA:82,0
DA:83,0
DA:85,0
DA:86,0
DA:88,0
DA:93,0
DA:95,0
DA:96,0
DA:98,0
DA:99,0
DA:104,0
DA:106,0
DA:107,0
DA:108,0
DA:112,0
DA:113,0
DA:114,0
DA:115,0
DA:118,0
DA:119,0
DA:120,0
DA:122,0
DA:123,0
DA:125,0
DA:126,0
DA:128,0
DA:132,0
DA:133,0
DA:135,0
DA:136,0
DA:142,0
LF:72
LH:0
BRDA:28,0,0,0
BRDA:28,0,1,0
BRDA:49,1,0,0
BRDA:49,1,1,0
BRDA:77,2,0,0
BRDA:77,2,1,0
BRDA:95,3,0,0
BRDA:95,3,1,0
BRDA:107,4,0,0
BRDA:107,4,1,0
BRDA:114,5,0,0
BRDA:114,5,1,0
BRDA:125,6,0,0
BRDA:125,6,1,0
BRDA:132,7,0,0
BRDA:132,7,1,0
BRDA:132,8,0,0
BRDA:132,8,1,0
BRDA:132,8,2,0
BRF:19
BRH:0
end_of_record
TN:
SF:src\core\utils\errors.js
FN:10,(anonymous_0)
FN:25,(anonymous_1)
FN:35,(anonymous_2)
FN:45,(anonymous_3)
FN:57,(anonymous_4)
FN:66,(anonymous_5)
FNF:6
FNH:0
FNDA:0,(anonymous_0)
FNDA:0,(anonymous_1)
FNDA:0,(anonymous_2)
FNDA:0,(anonymous_3)
FNDA:0,(anonymous_4)
FNDA:0,(anonymous_5)
DA:11,0
DA:12,0
DA:13,0
DA:14,0
DA:15,0
DA:17,0
DA:26,0
DA:27,0
DA:36,0
DA:37,0
DA:46,0
DA:47,0
DA:48,0
DA:49,0
DA:58,0
DA:67,0
DA:71,0
LF:17
LH:0
BRDA:10,0,0,0
BRDA:10,1,0,0
BRDA:25,2,0,0
BRDA:35,3,0,0
BRDA:45,4,0,0
BRDA:46,5,0,0
BRDA:46,5,1,0
BRDA:57,6,0,0
BRF:8
BRH:0
end_of_record
TN:
SF:src\core\utils\id-generator.js
FN:7,generateId
FNF:1
FNH:0
FNDA:0,generateId
DA:1,0
DA:8,0
DA:11,0
LF:3
LH:0
BRF:0
BRH:0
end_of_record
TN:
SF:src\core\utils\ipc-helper.js
FN:14,safeConsoleError
FN:28,createIpcHandler
FN:35,(anonymous_2)
FN:57,registerIpcHandler
FNF:4
FNH:0
FNDA:0,safeConsoleError
FNDA:0,createIpcHandler
FNDA:0,(anonymous_2)
FNDA:0,registerIpcHandler
DA:7,0
DA:16,0
DA:33,0
DA:35,0
DA:36,0
DA:37,0
DA:39,0
DA:41,0
DA:42,0
DA:45,0
DA:58,0
DA:63,0
DA:66,0
LF:13
LH:0
BRDA:28,0,0,0
BRDA:30,1,0,0
BRDA:31,2,0,0
BRDA:32,3,0,0
BRDA:41,4,0,0
BRDA:41,4,1,0
BRDA:57,5,0,0
BRF:7
BRH:0
end_of_record
TN:
SF:src\core\utils\logger.js
FN:35,initializeLogging
FN:67,formatLogMessage
FN:88,safeConsoleError
FN:106,safeConsoleLog
FN:122,writeToLogFile
FN:138,debug
FN:151,info
FN:164,warn
FN:177,error
FNF:9
FNH:4
FNDA:0,initializeLogging
FNDA:6,formatLogMessage
FNDA:0,safeConsoleError
FNDA:6,safeConsoleLog
FNDA:6,writeToLogFile
FNDA:0,debug
FNDA:6,info
FNDA:0,warn
FNDA:0,error
DA:6,7
DA:7,7
DA:10,7
DA:11,7
DA:12,7
DA:18,7
DA:26,7
DA:29,7
DA:36,0
DA:38,0
DA:40,0
DA:43,0
DA:44,0
DA:47,0
DA:48,0
DA:52,0
DA:53,0
DA:68,6
DA:69,6
DA:70,6
DA:72,6
DA:73,6
DA:74,6
DA:75,6
DA:77,0
DA:81,6
DA:89,0
DA:90,0
DA:93,0
DA:95,0
DA:96,0
DA:107,6
DA:108,6
DA:110,0
DA:111,0
DA:112,0
DA:123,6
DA:125,0
DA:126,0
DA:139,0
DA:141,0
DA:142,0
DA:143,0
DA:152,6
DA:154,6
DA:155,6
DA:156,6
DA:165,0
DA:167,0
DA:168,0
DA:169,0
DA:178,0
DA:180,0
DA:181,0
DA:182,0
DA:189,0
DA:190,0
DA:191,0
DA:194,7
LF:59
LH:24
BRDA:26,0,0,0
BRDA:26,0,1,7
BRDA:38,1,0,0
BRDA:38,1,1,0
BRDA:38,2,0,0
BRDA:38,2,1,0
BRDA:38,2,2,0
BRDA:47,3,0,0
BRDA:47,3,1,0
BRDA:67,4,0,0
BRDA:72,5,0,6
BRDA:72,5,1,0
BRDA:72,6,0,6
BRDA:72,6,1,6
BRDA:74,7,0,6
BRDA:74,7,1,0
BRDA:93,8,0,0
BRDA:93,8,1,0
BRDA:93,9,0,0
BRDA:93,9,1,0
BRDA:110,10,0,0
BRDA:110,10,1,0
BRDA:110,11,0,0
BRDA:110,11,1,0
BRDA:123,12,0,6
BRDA:123,12,1,0
BRDA:138,13,0,0
BRDA:139,14,0,0
BRDA:139,14,1,0
BRDA:151,15,0,0
BRDA:152,16,0,0
BRDA:152,16,1,6
BRDA:164,17,0,0
BRDA:165,18,0,0
BRDA:165,18,1,0
BRDA:177,19,0,0
BRDA:178,20,0,0
BRDA:178,20,1,0
BRDA:181,21,0,0
BRDA:181,21,1,0
BRF:40
BRH:7
end_of_record
TN:
SF:src\core\utils\png-exporter.js
FN:9,toBase64
FN:19,createChunk
FN:42,exportToPng
FN:51,(anonymous_3)
FNF:4
FNH:0
FNDA:0,toBase64
FNDA:0,createChunk
FNDA:0,exportToPng
FNDA:0,(anonymous_3)
DA:1,0
DA:2,0
DA:3,0
DA:4,0
DA:10,0
DA:20,0
DA:21,0
DA:23,0
DA:26,0
DA:27,0
DA:29,0
DA:30,0
DA:31,0
DA:33,0
DA:43,0
DA:45,0
DA:51,0
DA:66,0
DA:67,0
DA:71,0
DA:72,0
DA:74,0
DA:77,0
DA:81,0
DA:86,0
DA:87,0
DA:93,0
DA:96,0
DA:97,0
DA:103,0
DA:104,0
DA:106,0
DA:107,0
DA:111,0
LF:34
LH:0
BRDA:46,0,0,0
BRDA:46,0,1,0
BRDA:47,1,0,0
BRDA:47,1,1,0
BRDA:48,2,0,0
BRDA:48,2,1,0
BRDA:49,3,0,0
BRDA:49,3,1,0
BRDA:50,4,0,0
BRDA:50,4,1,0
BRDA:51,5,0,0
BRDA:51,5,1,0
BRDA:53,6,0,0
BRDA:53,6,1,0
BRDA:59,7,0,0
BRDA:59,7,1,0
BRDA:71,8,0,0
BRDA:71,8,1,0
BRDA:71,9,0,0
BRDA:71,9,1,0
BRDA:74,10,0,0
BRDA:74,10,1,0
BRF:22
BRH:0
end_of_record
TN:
SF:src\core\utils\security.js
FN:12,escapeHtml
FN:38,sanitizeInput
FN:75,validateAndSanitizeId
FN:109,validateJsonDepth
FN:110,checkDepth
FN:137,validatePath
FNF:6
FNH:6
FNDA:10,escapeHtml
FNDA:70,sanitizeInput
FNDA:26,validateAndSanitizeId
FNDA:12,validateJsonDepth
FNDA:49,checkDepth
FNDA:9,validatePath
DA:13,10
DA:15,5
DA:16,2
DA:18,3
DA:22,5
DA:39,70
DA:40,3
DA:46,67
DA:48,67
DA:51,67
DA:55,67
DA:57,29
DA:59,38
DA:63,67
DA:64,2
DA:67,67
DA:76,26
DA:77,6
DA:83,20
DA:86,20
DA:87,6
DA:91,14
DA:92,0
DA:96,14
DA:97,0
DA:100,14
DA:111,49
DA:112,1
DA:115,48
DA:116,25
DA:117,37
DA:118,37
DA:119,11
DA:125,37
DA:128,12
DA:138,9
DA:139,3
DA:142,6
DA:143,6
DA:144,6
DA:147,6
DA:148,3
DA:151,3
DA:154,3
LF:44
LH:42
BRDA:13,0,0,5
BRDA:13,0,1,5
BRDA:15,1,0,2
BRDA:15,1,1,3
BRDA:15,2,0,5
BRDA:15,2,1,4
BRDA:38,3,0,7
BRDA:39,4,0,3
BRDA:39,4,1,67
BRDA:44,5,0,5
BRDA:45,6,0,23
BRDA:55,7,0,29
BRDA:55,7,1,38
BRDA:63,8,0,2
BRDA:63,8,1,65
BRDA:76,9,0,6
BRDA:76,9,1,20
BRDA:86,10,0,6
BRDA:86,10,1,14
BRDA:86,11,0,20
BRDA:86,11,1,16
BRDA:91,12,0,0
BRDA:91,12,1,14
BRDA:96,13,0,0
BRDA:96,13,1,14
BRDA:109,14,0,7
BRDA:110,15,0,12
BRDA:111,16,0,1
BRDA:111,16,1,48
BRDA:115,17,0,25
BRDA:115,17,1,23
BRDA:115,18,0,48
BRDA:115,18,1,26
BRDA:117,19,0,37
BRDA:117,19,1,0
BRDA:118,20,0,11
BRDA:118,20,1,26
BRDA:138,21,0,3
BRDA:138,21,1,6
BRDA:138,22,0,9
BRDA:138,22,1,7
BRDA:147,23,0,3
BRDA:147,23,1,3
BRF:43
BRH:40
end_of_record
TN:
SF:src\core\utils\validation.js
FN:25,validateChatbotProfile
FN:82,(anonymous_1)
FN:83,(anonymous_2)
FN:84,(anonymous_3)
FN:98,(anonymous_4)
FN:153,validateTemplate
FNF:6
FNH:5
FNDA:10,validateChatbotProfile
FNDA:37,(anonymous_1)
FNDA:37,(anonymous_2)
FNDA:37,(anonymous_3)
FNDA:0,(anonymous_4)
FNDA:7,validateTemplate
DA:6,2
DA:18,2
DA:27,10
DA:28,2
DA:35,8
DA:36,8
DA:39,8
DA:40,2
DA:42,6
DA:43,6
DA:44,0
DA:49,8
DA:50,8
DA:51,0
DA:53,8
DA:58,8
DA:59,6
DA:60,0
DA:62,6
DA:67,8
DA:68,6
DA:69,6
DA:71,0
DA:72,0
DA:75,2
DA:79,8
DA:80,6
DA:81,6
DA:82,37
DA:83,37
DA:84,37
DA:87,0
DA:88,0
DA:91,2
DA:95,8
DA:96,2
DA:97,2
DA:98,0
DA:101,0
DA:102,0
DA:105,6
DA:109,8
DA:110,2
DA:111,2
DA:113,0
DA:116,6
DA:120,8
DA:121,0
DA:123,0
DA:124,0
DA:125,0
DA:130,0
DA:133,0
DA:134,0
DA:141,8
DA:155,7
DA:156,2
DA:163,5
DA:164,5
DA:167,5
DA:168,1
DA:170,4
DA:171,4
DA:172,0
DA:177,5
DA:178,1
DA:179,1
DA:180,4
DA:181,1
DA:182,1
DA:185,3
DA:186,0
DA:187,0
DA:189,3
DA:193,5
DA:200,2
LF:76
LH:55
BRDA:27,0,0,2
BRDA:27,0,1,8
BRDA:27,1,0,10
BRDA:27,1,1,8
BRDA:39,2,0,2
BRDA:39,2,1,6
BRDA:39,3,0,8
BRDA:39,3,1,6
BRDA:39,3,2,6
BRDA:43,4,0,0
BRDA:43,4,1,6
BRDA:49,5,0,8
BRDA:49,5,1,0
BRDA:50,6,0,0
BRDA:50,6,1,8
BRDA:58,7,0,6
BRDA:58,7,1,2
BRDA:59,8,0,0
BRDA:59,8,1,6
BRDA:67,9,0,6
BRDA:67,9,1,2
BRDA:68,10,0,6
BRDA:68,10,1,0
BRDA:79,11,0,6
BRDA:79,11,1,2
BRDA:80,12,0,6
BRDA:80,12,1,0
BRDA:95,13,0,2
BRDA:95,13,1,6
BRDA:96,14,0,2
BRDA:96,14,1,0
BRDA:105,15,0,0
BRDA:105,15,1,6
BRDA:109,16,0,2
BRDA:109,16,1,6
BRDA:110,17,0,2
BRDA:110,17,1,0
BRDA:110,18,0,2
BRDA:110,18,1,2
BRDA:113,19,0,0
BRDA:113,19,1,0
BRDA:116,20,0,0
BRDA:116,20,1,6
BRDA:120,21,0,0
BRDA:120,21,1,8
BRDA:121,22,0,0
BRDA:121,22,1,0
BRDA:123,23,0,0
BRDA:123,23,1,0
BRDA:155,24,0,2
BRDA:155,24,1,5
BRDA:155,25,0,7
BRDA:155,25,1,5
BRDA:167,26,0,1
BRDA:167,26,1,4
BRDA:167,27,0,5
BRDA:167,27,1,4
BRDA:171,28,0,0
BRDA:171,28,1,4
BRDA:177,29,0,1
BRDA:177,29,1,4
BRDA:180,30,0,1
BRDA:180,30,1,3
BRDA:185,31,0,0
BRDA:185,31,1,3
BRF:65
BRH:46
end_of_record
